{"/Users/eduardoestrada/Documents/UofMaryland/SWEN661/ProjectFiles/team_2_project/apps/react/src/App.tsx": {"path":"/Users/eduardoestrada/Documents/UofMaryland/SWEN661/ProjectFiles/team_2_project/apps/react/src/App.tsx","statementMap":{"0":{"start":{"line":13,"column":25},"end":{"line":13,"column":63}},"1":{"start":{"line":14,"column":8},"end":{"line":14,"column":32}},"2":{"start":{"line":15,"column":8},"end":{"line":15,"column":32}},"3":{"start":{"line":17,"column":2},"end":{"line":38,"column":null}},"4":{"start":{"line":18,"column":17},"end":{"line":18,"column":null}},"5":{"start":{"line":21,"column":4},"end":{"line":24,"column":null}},"6":{"start":{"line":22,"column":6},"end":{"line":22,"column":null}},"7":{"start":{"line":24,"column":6},"end":{"line":24,"column":null}},"8":{"start":{"line":28,"column":4},"end":{"line":31,"column":null}},"9":{"start":{"line":29,"column":6},"end":{"line":29,"column":null}},"10":{"start":{"line":31,"column":6},"end":{"line":31,"column":null}},"11":{"start":{"line":35,"column":24},"end":{"line":35,"column":null}},"12":{"start":{"line":36,"column":4},"end":{"line":36,"column":null}},"13":{"start":{"line":41,"column":22},"end":{"line":41,"column":null}},"14":{"start":{"line":43,"column":8},"end":{"line":52,"column":null}},"15":{"start":{"line":45,"column":45},"end":{"line":51,"column":null}},"16":{"start":{"line":52,"column":4},"end":{"line":52,"column":null}},"17":{"start":{"line":55,"column":2},"end":{"line":85,"column":null}},"18":{"start":{"line":91,"column":17},"end":{"line":91,"column":42}},"19":{"start":{"line":93,"column":2},"end":{"line":106,"column":null}}},"fnMap":{"0":{"name":"AppLayout","decl":{"start":{"line":12,"column":9},"end":{"line":12,"column":21}},"loc":{"start":{"line":12,"column":21},"end":{"line":85,"column":null}},"line":12},"1":{"name":"(anonymous_1)","decl":{"start":{"line":17,"column":2},"end":{"line":17,"column":18}},"loc":{"start":{"line":17,"column":18},"end":{"line":38,"column":6}},"line":17},"2":{"name":"(anonymous_2)","decl":{"start":{"line":43,"column":8},"end":{"line":43,"column":26}},"loc":{"start":{"line":43,"column":41},"end":{"line":52,"column":null}},"line":43},"3":{"name":"App","decl":{"start":{"line":90,"column":24},"end":{"line":90,"column":30}},"loc":{"start":{"line":90,"column":30},"end":{"line":106,"column":null}},"line":90}},"branchMap":{"0":{"loc":{"start":{"line":21,"column":4},"end":{"line":24,"column":null}},"type":"if","locations":[{"start":{"line":21,"column":4},"end":{"line":24,"column":null}},{"start":{"line":23,"column":11},"end":{"line":24,"column":null}}],"line":21},"1":{"loc":{"start":{"line":28,"column":4},"end":{"line":31,"column":null}},"type":"if","locations":[{"start":{"line":28,"column":4},"end":{"line":31,"column":null}},{"start":{"line":30,"column":11},"end":{"line":31,"column":null}}],"line":28},"2":{"loc":{"start":{"line":35,"column":24},"end":{"line":35,"column":null}},"type":"binary-expr","locations":[{"start":{"line":35,"column":24},"end":{"line":35,"column":60}},{"start":{"line":35,"column":64},"end":{"line":35,"column":null}}],"line":35},"3":{"loc":{"start":{"line":41,"column":22},"end":{"line":41,"column":null}},"type":"binary-expr","locations":[{"start":{"line":41,"column":22},"end":{"line":41,"column":57}},{"start":{"line":41,"column":57},"end":{"line":41,"column":null}}],"line":41},"4":{"loc":{"start":{"line":52,"column":13},"end":{"line":52,"column":33}},"type":"binary-expr","locations":[{"start":{"line":52,"column":13},"end":{"line":52,"column":29}},{"start":{"line":52,"column":29},"end":{"line":52,"column":33}}],"line":52},"5":{"loc":{"start":{"line":69,"column":10},"end":{"line":71,"column":null}},"type":"cond-expr","locations":[{"start":{"line":70,"column":14},"end":{"line":70,"column":null}},{"start":{"line":71,"column":14},"end":{"line":71,"column":null}}],"line":69},"6":{"loc":{"start":{"line":95,"column":7},"end":{"line":106,"column":null}},"type":"cond-expr","locations":[{"start":{"line":96,"column":8},"end":{"line":101,"column":null}},{"start":{"line":104,"column":8},"end":{"line":106,"column":null}}],"line":95}},"s":{"0":2,"1":2,"2":2,"3":2,"4":2,"5":2,"6":1,"7":1,"8":2,"9":0,"10":2,"11":2,"12":2,"13":2,"14":2,"15":0,"16":0,"17":2,"18":3,"19":3},"f":{"0":2,"1":2,"2":0,"3":3},"b":{"0":[1,1],"1":[0,2],"2":[2,0],"3":[2,2],"4":[0,0],"5":[2,0],"6":[1,2]},"meta":{"lastBranch":7,"lastFunction":4,"lastStatement":20,"seen":{"f:12:9:12:21":0,"s:13:25:13:63":0,"s:14:8:14:32":1,"s:15:8:15:32":2,"s:17:2:38:Infinity":3,"f:17:2:17:18":1,"s:18:17:18:Infinity":4,"b:21:4:24:Infinity:23:11:24:Infinity":0,"s:21:4:24:Infinity":5,"s:22:6:22:Infinity":6,"s:24:6:24:Infinity":7,"b:28:4:31:Infinity:30:11:31:Infinity":1,"s:28:4:31:Infinity":8,"s:29:6:29:Infinity":9,"s:31:6:31:Infinity":10,"s:35:24:35:Infinity":11,"b:35:24:35:60:35:64:35:Infinity":2,"s:36:4:36:Infinity":12,"s:41:22:41:Infinity":13,"b:41:22:41:57:41:57:41:Infinity":3,"s:43:8:52:Infinity":14,"f:43:8:43:26":2,"s:45:45:51:Infinity":15,"s:52:4:52:Infinity":16,"b:52:13:52:29:52:29:52:33":4,"s:55:2:85:Infinity":17,"b:70:14:70:Infinity:71:14:71:Infinity":5,"f:90:24:90:30":3,"s:91:17:91:42":18,"s:93:2:106:Infinity":19,"b:96:8:101:Infinity:104:8:106:Infinity":6}}}
,"/Users/eduardoestrada/Documents/UofMaryland/SWEN661/ProjectFiles/team_2_project/apps/react/src/db.ts": {"path":"/Users/eduardoestrada/Documents/UofMaryland/SWEN661/ProjectFiles/team_2_project/apps/react/src/db.ts","statementMap":{"0":{"start":{"line":40,"column":4},"end":{"line":40,"column":null}},"1":{"start":{"line":41,"column":4},"end":{"line":45,"column":null}},"2":{"start":{"line":49,"column":18},"end":{"line":49,"column":34}},"3":{"start":{"line":51,"column":0},"end":{"line":73,"column":null}},"4":{"start":{"line":53,"column":2},"end":{"line":56,"column":null}},"5":{"start":{"line":59,"column":2},"end":{"line":65,"column":null}},"6":{"start":{"line":67,"column":2},"end":{"line":72,"column":null}}},"fnMap":{"0":{"name":"(anonymous_0)","decl":{"start":{"line":39,"column":2},"end":{"line":39,"column":16}},"loc":{"start":{"line":39,"column":16},"end":{"line":45,"column":null}},"line":39},"1":{"name":"(anonymous_1)","decl":{"start":{"line":51,"column":6},"end":{"line":51,"column":24}},"loc":{"start":{"line":51,"column":24},"end":{"line":73,"column":null}},"line":51}},"branchMap":{},"s":{"0":1,"1":1,"2":1,"3":1,"4":0,"5":0,"6":0},"f":{"0":1,"1":0},"b":{},"meta":{"lastBranch":0,"lastFunction":2,"lastStatement":7,"seen":{"f:39:2:39:16":0,"s:40:4:40:Infinity":0,"s:41:4:45:Infinity":1,"s:49:18:49:34":2,"s:51:0:73:Infinity":3,"f:51:6:51:24":1,"s:53:2:56:Infinity":4,"s:59:2:65:Infinity":5,"s:67:2:72:Infinity":6}}}
,"/Users/eduardoestrada/Documents/UofMaryland/SWEN661/ProjectFiles/team_2_project/apps/react/src/app/components/AddPatientModal.tsx": {"path":"/Users/eduardoestrada/Documents/UofMaryland/SWEN661/ProjectFiles/team_2_project/apps/react/src/app/components/AddPatientModal.tsx","statementMap":{"0":{"start":{"line":20,"column":55},"end":{"line":20,"column":100}},"1":{"start":{"line":22,"column":2},"end":{"line":22,"column":null}},"2":{"start":{"line":22,"column":15},"end":{"line":22,"column":null}},"3":{"start":{"line":30,"column":27},"end":{"line":49,"column":null}},"4":{"start":{"line":32,"column":22},"end":{"line":32,"column":48}},"5":{"start":{"line":33,"column":16},"end":{"line":33,"column":66}},"6":{"start":{"line":37,"column":28},"end":{"line":45,"column":null}},"7":{"start":{"line":48,"column":4},"end":{"line":48,"column":null}},"8":{"start":{"line":49,"column":4},"end":{"line":49,"column":null}},"9":{"start":{"line":51,"column":8},"end":{"line":56,"column":null}},"10":{"start":{"line":51,"column":73},"end":{"line":56,"column":null}},"11":{"start":{"line":61,"column":21},"end":{"line":61,"column":null}},"12":{"start":{"line":64,"column":4},"end":{"line":68,"column":null}},"13":{"start":{"line":71,"column":2},"end":{"line":251,"column":null}},"14":{"start":{"line":167,"column":81},"end":{"line":167,"column":120}}},"fnMap":{"0":{"name":"AddPatientModal","decl":{"start":{"line":19,"column":16},"end":{"line":19,"column":32}},"loc":{"start":{"line":19,"column":85},"end":{"line":251,"column":null}},"line":19},"1":{"name":"(anonymous_1)","decl":{"start":{"line":30,"column":27},"end":{"line":30,"column":34}},"loc":{"start":{"line":30,"column":60},"end":{"line":49,"column":null}},"line":30},"2":{"name":"(anonymous_2)","decl":{"start":{"line":51,"column":8},"end":{"line":51,"column":25}},"loc":{"start":{"line":51,"column":73},"end":{"line":56,"column":null}},"line":51},"3":{"name":"(anonymous_3)","decl":{"start":{"line":167,"column":70},"end":{"line":167,"column":75}},"loc":{"start":{"line":167,"column":81},"end":{"line":167,"column":120}},"line":167}},"branchMap":{"0":{"loc":{"start":{"line":22,"column":2},"end":{"line":22,"column":null}},"type":"if","locations":[{"start":{"line":22,"column":2},"end":{"line":22,"column":null}},{"start":{},"end":{}}],"line":22},"1":{"loc":{"start":{"line":51,"column":44},"end":{"line":51,"column":73}},"type":"default-arg","locations":[{"start":{"line":51,"column":63},"end":{"line":51,"column":73}}],"line":51},"2":{"loc":{"start":{"line":53,"column":6},"end":{"line":53,"column":null}},"type":"cond-expr","locations":[{"start":{"line":53,"column":16},"end":{"line":53,"column":31}},{"start":{"line":53,"column":31},"end":{"line":53,"column":null}}],"line":53},"3":{"loc":{"start":{"line":54,"column":6},"end":{"line":56,"column":null}},"type":"cond-expr","locations":[{"start":{"line":55,"column":8},"end":{"line":55,"column":null}},{"start":{"line":56,"column":8},"end":{"line":56,"column":null}}],"line":54},"4":{"loc":{"start":{"line":116,"column":17},"end":{"line":118,"column":null}},"type":"binary-expr","locations":[{"start":{"line":116,"column":17},"end":{"line":116,"column":null}},{"start":{"line":117,"column":18},"end":{"line":118,"column":null}}],"line":116},"5":{"loc":{"start":{"line":131,"column":17},"end":{"line":133,"column":null}},"type":"binary-expr","locations":[{"start":{"line":131,"column":17},"end":{"line":131,"column":null}},{"start":{"line":132,"column":18},"end":{"line":133,"column":null}}],"line":131},"6":{"loc":{"start":{"line":152,"column":17},"end":{"line":154,"column":null}},"type":"binary-expr","locations":[{"start":{"line":152,"column":17},"end":{"line":152,"column":null}},{"start":{"line":153,"column":18},"end":{"line":154,"column":null}}],"line":152},"7":{"loc":{"start":{"line":171,"column":17},"end":{"line":173,"column":null}},"type":"binary-expr","locations":[{"start":{"line":171,"column":17},"end":{"line":171,"column":null}},{"start":{"line":172,"column":18},"end":{"line":173,"column":null}}],"line":171},"8":{"loc":{"start":{"line":196,"column":17},"end":{"line":198,"column":null}},"type":"binary-expr","locations":[{"start":{"line":196,"column":17},"end":{"line":196,"column":null}},{"start":{"line":197,"column":18},"end":{"line":198,"column":null}}],"line":196},"9":{"loc":{"start":{"line":217,"column":17},"end":{"line":219,"column":null}},"type":"binary-expr","locations":[{"start":{"line":217,"column":17},"end":{"line":217,"column":null}},{"start":{"line":218,"column":18},"end":{"line":219,"column":null}}],"line":217},"10":{"loc":{"start":{"line":240,"column":15},"end":{"line":249,"column":null}},"type":"cond-expr","locations":[{"start":{"line":241,"column":16},"end":{"line":244,"column":null}},{"start":{"line":246,"column":16},"end":{"line":249,"column":null}}],"line":240}},"s":{"0":44,"1":44,"2":32,"3":12,"4":2,"5":2,"6":2,"7":2,"8":2,"9":12,"10":72,"11":12,"12":12,"13":12,"14":48},"f":{"0":44,"1":2,"2":72,"3":48},"b":{"0":[32,12],"1":[72],"2":[36,36],"3":[6,66],"4":[12,1],"5":[44,1],"6":[44,1],"7":[44,1],"8":[44,1],"9":[44,1],"10":[3,9]},"meta":{"lastBranch":11,"lastFunction":4,"lastStatement":15,"seen":{"f:19:16:19:32":0,"s:20:55:20:100":0,"b:22:2:22:Infinity:undefined:undefined:undefined:undefined":0,"s:22:2:22:Infinity":1,"s:22:15:22:Infinity":2,"s:30:27:49:Infinity":3,"f:30:27:30:34":1,"s:32:22:32:48":4,"s:33:16:33:66":5,"s:37:28:45:Infinity":6,"s:48:4:48:Infinity":7,"s:49:4:49:Infinity":8,"s:51:8:56:Infinity":9,"f:51:8:51:25":2,"s:51:73:56:Infinity":10,"b:51:63:51:73":1,"b:53:16:53:31:53:31:53:Infinity":2,"b:55:8:55:Infinity:56:8:56:Infinity":3,"s:61:21:61:Infinity":11,"s:64:4:68:Infinity":12,"s:71:2:251:Infinity":13,"b:116:17:116:Infinity:117:18:118:Infinity":4,"b:131:17:131:Infinity:132:18:133:Infinity":5,"b:152:17:152:Infinity:153:18:154:Infinity":6,"f:167:70:167:75":3,"s:167:81:167:120":14,"b:171:17:171:Infinity:172:18:173:Infinity":7,"b:196:17:196:Infinity:197:18:198:Infinity":8,"b:217:17:217:Infinity:218:18:219:Infinity":9,"b:241:16:244:Infinity:246:16:249:Infinity":10}}}
,"/Users/eduardoestrada/Documents/UofMaryland/SWEN661/ProjectFiles/team_2_project/apps/react/src/app/components/CareConnectDashboard.tsx": {"path":"/Users/eduardoestrada/Documents/UofMaryland/SWEN661/ProjectFiles/team_2_project/apps/react/src/app/components/CareConnectDashboard.tsx","statementMap":{"0":{"start":{"line":12,"column":31},"end":{"line":12,"column":73}},"1":{"start":{"line":13,"column":27},"end":{"line":13,"column":65}},"2":{"start":{"line":14,"column":24},"end":{"line":14,"column":59}},"3":{"start":{"line":16,"column":23},"end":{"line":21,"column":null}},"4":{"start":{"line":23,"column":22},"end":{"line":27,"column":null}},"5":{"start":{"line":29,"column":25},"end":{"line":34,"column":null}},"6":{"start":{"line":36,"column":18},"end":{"line":40,"column":null}},"7":{"start":{"line":42,"column":25},"end":{"line":47,"column":null}},"8":{"start":{"line":49,"column":2},"end":{"line":196,"column":null}},"9":{"start":{"line":61,"column":37},"end":{"line":61,"column":59}},"10":{"start":{"line":65,"column":37},"end":{"line":65,"column":66}},"11":{"start":{"line":69,"column":37},"end":{"line":69,"column":62}},"12":{"start":{"line":91,"column":25},"end":{"line":91,"column":null}},"13":{"start":{"line":92,"column":12},"end":{"line":104,"column":null}},"14":{"start":{"line":122,"column":16},"end":{"line":133,"column":null}},"15":{"start":{"line":148,"column":16},"end":{"line":159,"column":null}},"16":{"start":{"line":174,"column":29},"end":{"line":174,"column":null}},"17":{"start":{"line":175,"column":16},"end":{"line":186,"column":null}},"18":{"start":{"line":194,"column":72},"end":{"line":194,"column":102}},"19":{"start":{"line":194,"column":124},"end":{"line":194,"column":145}},"20":{"start":{"line":195,"column":64},"end":{"line":195,"column":90}},"21":{"start":{"line":195,"column":112},"end":{"line":195,"column":133}},"22":{"start":{"line":196,"column":61},"end":{"line":196,"column":84}},"23":{"start":{"line":196,"column":106},"end":{"line":196,"column":127}}},"fnMap":{"0":{"name":"CareConnectDashboard","decl":{"start":{"line":11,"column":16},"end":{"line":11,"column":39}},"loc":{"start":{"line":11,"column":39},"end":{"line":196,"column":null}},"line":11},"1":{"name":"(anonymous_1)","decl":{"start":{"line":61,"column":22},"end":{"line":61,"column":37}},"loc":{"start":{"line":61,"column":37},"end":{"line":61,"column":59}},"line":61},"2":{"name":"(anonymous_2)","decl":{"start":{"line":65,"column":22},"end":{"line":65,"column":37}},"loc":{"start":{"line":65,"column":37},"end":{"line":65,"column":66}},"line":65},"3":{"name":"(anonymous_3)","decl":{"start":{"line":69,"column":22},"end":{"line":69,"column":37}},"loc":{"start":{"line":69,"column":37},"end":{"line":69,"column":62}},"line":69},"4":{"name":"(anonymous_4)","decl":{"start":{"line":90,"column":24},"end":{"line":90,"column":29}},"loc":{"start":{"line":90,"column":38},"end":{"line":104,"column":null}},"line":90},"5":{"name":"(anonymous_5)","decl":{"start":{"line":121,"column":27},"end":{"line":121,"column":32}},"loc":{"start":{"line":122,"column":16},"end":{"line":133,"column":null}},"line":122},"6":{"name":"(anonymous_6)","decl":{"start":{"line":147,"column":30},"end":{"line":147,"column":35}},"loc":{"start":{"line":148,"column":16},"end":{"line":159,"column":null}},"line":148},"7":{"name":"(anonymous_7)","decl":{"start":{"line":173,"column":30},"end":{"line":173,"column":35}},"loc":{"start":{"line":173,"column":48},"end":{"line":186,"column":null}},"line":173},"8":{"name":"(anonymous_8)","decl":{"start":{"line":194,"column":57},"end":{"line":194,"column":72}},"loc":{"start":{"line":194,"column":72},"end":{"line":194,"column":102}},"line":194},"9":{"name":"(anonymous_9)","decl":{"start":{"line":194,"column":104},"end":{"line":194,"column":115}},"loc":{"start":{"line":194,"column":124},"end":{"line":194,"column":145}},"line":194},"10":{"name":"(anonymous_10)","decl":{"start":{"line":195,"column":49},"end":{"line":195,"column":64}},"loc":{"start":{"line":195,"column":64},"end":{"line":195,"column":90}},"line":195},"11":{"name":"(anonymous_11)","decl":{"start":{"line":195,"column":92},"end":{"line":195,"column":103}},"loc":{"start":{"line":195,"column":112},"end":{"line":195,"column":133}},"line":195},"12":{"name":"(anonymous_12)","decl":{"start":{"line":196,"column":46},"end":{"line":196,"column":61}},"loc":{"start":{"line":196,"column":61},"end":{"line":196,"column":84}},"line":196},"13":{"name":"(anonymous_13)","decl":{"start":{"line":196,"column":86},"end":{"line":196,"column":97}},"loc":{"start":{"line":196,"column":106},"end":{"line":196,"column":127}},"line":196}},"branchMap":{"0":{"loc":{"start":{"line":125,"column":81},"end":{"line":125,"column":null}},"type":"cond-expr","locations":[{"start":{"line":125,"column":110},"end":{"line":125,"column":136}},{"start":{"line":125,"column":136},"end":{"line":125,"column":null}}],"line":125}},"s":{"0":10,"1":10,"2":10,"3":10,"4":10,"5":10,"6":10,"7":10,"8":10,"9":1,"10":1,"11":1,"12":40,"13":40,"14":30,"15":40,"16":40,"17":40,"18":0,"19":0,"20":0,"21":0,"22":0,"23":0},"f":{"0":10,"1":1,"2":1,"3":1,"4":40,"5":30,"6":40,"7":40,"8":0,"9":0,"10":0,"11":0,"12":0,"13":0},"b":{"0":[10,20]},"meta":{"lastBranch":1,"lastFunction":14,"lastStatement":24,"seen":{"f:11:16:11:39":0,"s:12:31:12:73":0,"s:13:27:13:65":1,"s:14:24:14:59":2,"s:16:23:21:Infinity":3,"s:23:22:27:Infinity":4,"s:29:25:34:Infinity":5,"s:36:18:40:Infinity":6,"s:42:25:47:Infinity":7,"s:49:2:196:Infinity":8,"f:61:22:61:37":1,"s:61:37:61:59":9,"f:65:22:65:37":2,"s:65:37:65:66":10,"f:69:22:69:37":3,"s:69:37:69:62":11,"f:90:24:90:29":4,"s:91:25:91:Infinity":12,"s:92:12:104:Infinity":13,"f:121:27:121:32":5,"s:122:16:133:Infinity":14,"b:125:110:125:136:125:136:125:Infinity":0,"f:147:30:147:35":6,"s:148:16:159:Infinity":15,"f:173:30:173:35":7,"s:174:29:174:Infinity":16,"s:175:16:186:Infinity":17,"f:194:57:194:72":8,"s:194:72:194:102":18,"f:194:104:194:115":9,"s:194:124:194:145":19,"f:195:49:195:64":10,"s:195:64:195:90":20,"f:195:92:195:103":11,"s:195:112:195:133":21,"f:196:46:196:61":12,"s:196:61:196:84":22,"f:196:86:196:97":13,"s:196:106:196:127":23}}}
,"/Users/eduardoestrada/Documents/UofMaryland/SWEN661/ProjectFiles/team_2_project/apps/react/src/app/components/CareConnectNavigation.tsx": {"path":"/Users/eduardoestrada/Documents/UofMaryland/SWEN661/ProjectFiles/team_2_project/apps/react/src/app/components/CareConnectNavigation.tsx","statementMap":{"0":{"start":{"line":13,"column":28},"end":{"line":19,"column":null}},"1":{"start":{"line":36,"column":27},"end":{"line":36,"column":65}},"2":{"start":{"line":39,"column":8},"end":{"line":41,"column":null}},"3":{"start":{"line":40,"column":25},"end":{"line":40,"column":null}},"4":{"start":{"line":41,"column":4},"end":{"line":41,"column":null}},"5":{"start":{"line":44,"column":8},"end":{"line":46,"column":null}},"6":{"start":{"line":45,"column":4},"end":{"line":45,"column":null}},"7":{"start":{"line":46,"column":4},"end":{"line":46,"column":null}},"8":{"start":{"line":49,"column":2},"end":{"line":210,"column":null}},"9":{"start":{"line":69,"column":25},"end":{"line":69,"column":null}},"10":{"start":{"line":70,"column":29},"end":{"line":70,"column":null}},"11":{"start":{"line":71,"column":12},"end":{"line":83,"column":null}},"12":{"start":{"line":74,"column":31},"end":{"line":74,"column":56}},"13":{"start":{"line":126,"column":25},"end":{"line":126,"column":null}},"14":{"start":{"line":127,"column":29},"end":{"line":127,"column":null}},"15":{"start":{"line":128,"column":12},"end":{"line":138,"column":null}},"16":{"start":{"line":131,"column":31},"end":{"line":131,"column":56}},"17":{"start":{"line":153,"column":25},"end":{"line":153,"column":null}},"18":{"start":{"line":154,"column":29},"end":{"line":154,"column":null}},"19":{"start":{"line":155,"column":12},"end":{"line":165,"column":null}},"20":{"start":{"line":158,"column":31},"end":{"line":158,"column":56}},"21":{"start":{"line":169,"column":27},"end":{"line":169,"column":52}},"22":{"start":{"line":181,"column":92},"end":{"line":181,"column":122}},"23":{"start":{"line":185,"column":37},"end":{"line":185,"column":63}},"24":{"start":{"line":191,"column":31},"end":{"line":191,"column":59}}},"fnMap":{"0":{"name":"CareConnectNavigation","decl":{"start":{"line":29,"column":16},"end":{"line":29,"column":38}},"loc":{"start":{"line":35,"column":31},"end":{"line":210,"column":null}},"line":35},"1":{"name":"(anonymous_1)","decl":{"start":{"line":39,"column":8},"end":{"line":39,"column":37}},"loc":{"start":{"line":39,"column":37},"end":{"line":41,"column":null}},"line":39},"2":{"name":"(anonymous_2)","decl":{"start":{"line":44,"column":8},"end":{"line":44,"column":28}},"loc":{"start":{"line":44,"column":43},"end":{"line":46,"column":null}},"line":44},"3":{"name":"(anonymous_3)","decl":{"start":{"line":68,"column":20},"end":{"line":68,"column":25}},"loc":{"start":{"line":68,"column":34},"end":{"line":83,"column":null}},"line":68},"4":{"name":"(anonymous_4)","decl":{"start":{"line":74,"column":16},"end":{"line":74,"column":31}},"loc":{"start":{"line":74,"column":31},"end":{"line":74,"column":56}},"line":74},"5":{"name":"(anonymous_5)","decl":{"start":{"line":125,"column":20},"end":{"line":125,"column":25}},"loc":{"start":{"line":125,"column":34},"end":{"line":138,"column":null}},"line":125},"6":{"name":"(anonymous_6)","decl":{"start":{"line":131,"column":16},"end":{"line":131,"column":31}},"loc":{"start":{"line":131,"column":31},"end":{"line":131,"column":56}},"line":131},"7":{"name":"(anonymous_7)","decl":{"start":{"line":152,"column":32},"end":{"line":152,"column":37}},"loc":{"start":{"line":152,"column":46},"end":{"line":167,"column":null}},"line":152},"8":{"name":"(anonymous_8)","decl":{"start":{"line":158,"column":16},"end":{"line":158,"column":31}},"loc":{"start":{"line":158,"column":31},"end":{"line":158,"column":56}},"line":158},"9":{"name":"(anonymous_9)","decl":{"start":{"line":169,"column":12},"end":{"line":169,"column":27}},"loc":{"start":{"line":169,"column":27},"end":{"line":169,"column":52}},"line":169},"10":{"name":"(anonymous_10)","decl":{"start":{"line":181,"column":77},"end":{"line":181,"column":92}},"loc":{"start":{"line":181,"column":92},"end":{"line":181,"column":122}},"line":181},"11":{"name":"(anonymous_11)","decl":{"start":{"line":185,"column":22},"end":{"line":185,"column":37}},"loc":{"start":{"line":185,"column":37},"end":{"line":185,"column":63}},"line":185},"12":{"name":"(anonymous_12)","decl":{"start":{"line":191,"column":16},"end":{"line":191,"column":31}},"loc":{"start":{"line":191,"column":31},"end":{"line":191,"column":59}},"line":191}},"branchMap":{"0":{"loc":{"start":{"line":40,"column":25},"end":{"line":40,"column":null}},"type":"cond-expr","locations":[{"start":{"line":40,"column":54},"end":{"line":40,"column":64}},{"start":{"line":40,"column":64},"end":{"line":40,"column":null}}],"line":40},"1":{"loc":{"start":{"line":54,"column":10},"end":{"line":54,"column":null}},"type":"cond-expr","locations":[{"start":{"line":54,"column":39},"end":{"line":54,"column":59}},{"start":{"line":54,"column":59},"end":{"line":54,"column":null}}],"line":54},"2":{"loc":{"start":{"line":76,"column":18},"end":{"line":78,"column":null}},"type":"cond-expr","locations":[{"start":{"line":77,"column":22},"end":{"line":77,"column":null}},{"start":{"line":78,"column":22},"end":{"line":78,"column":null}}],"line":76},"3":{"loc":{"start":{"line":81,"column":55},"end":{"line":81,"column":77}},"type":"cond-expr","locations":[{"start":{"line":81,"column":66},"end":{"line":81,"column":72}},{"start":{"line":81,"column":72},"end":{"line":81,"column":77}}],"line":81},"4":{"loc":{"start":{"line":97,"column":16},"end":{"line":97,"column":null}},"type":"cond-expr","locations":[{"start":{"line":97,"column":46},"end":{"line":97,"column":62}},{"start":{"line":97,"column":62},"end":{"line":97,"column":null}}],"line":97},"5":{"loc":{"start":{"line":100,"column":108},"end":{"line":100,"column":177}},"type":"cond-expr","locations":[{"start":{"line":100,"column":138},"end":{"line":100,"column":156}},{"start":{"line":100,"column":156},"end":{"line":100,"column":177}}],"line":100},"6":{"loc":{"start":{"line":116,"column":10},"end":{"line":116,"column":null}},"type":"cond-expr","locations":[{"start":{"line":116,"column":39},"end":{"line":116,"column":59}},{"start":{"line":116,"column":59},"end":{"line":116,"column":null}}],"line":116},"7":{"loc":{"start":{"line":133,"column":18},"end":{"line":133,"column":null}},"type":"cond-expr","locations":[{"start":{"line":133,"column":29},"end":{"line":133,"column":66}},{"start":{"line":133,"column":66},"end":{"line":133,"column":null}}],"line":133},"8":{"loc":{"start":{"line":160,"column":18},"end":{"line":160,"column":null}},"type":"cond-expr","locations":[{"start":{"line":160,"column":29},"end":{"line":160,"column":66}},{"start":{"line":160,"column":66},"end":{"line":160,"column":null}}],"line":160},"9":{"loc":{"start":{"line":163,"column":44},"end":{"line":163,"column":88}},"type":"cond-expr","locations":[{"start":{"line":163,"column":55},"end":{"line":163,"column":72}},{"start":{"line":163,"column":72},"end":{"line":163,"column":88}}],"line":163},"10":{"loc":{"start":{"line":179,"column":7},"end":{"line":203,"column":null}},"type":"binary-expr","locations":[{"start":{"line":179,"column":7},"end":{"line":179,"column":null}},{"start":{"line":180,"column":8},"end":{"line":203,"column":null}}],"line":179},"11":{"loc":{"start":{"line":193,"column":18},"end":{"line":193,"column":null}},"type":"cond-expr","locations":[{"start":{"line":193,"column":46},"end":{"line":193,"column":73}},{"start":{"line":193,"column":73},"end":{"line":193,"column":null}}],"line":193}},"s":{"0":1,"1":10,"2":10,"3":1,"4":1,"5":10,"6":2,"7":2,"8":10,"9":50,"10":50,"11":50,"12":1,"13":50,"14":50,"15":50,"16":0,"17":40,"18":40,"19":40,"20":0,"21":2,"22":0,"23":0,"24":1},"f":{"0":10,"1":1,"2":2,"3":50,"4":1,"5":50,"6":0,"7":40,"8":0,"9":2,"10":0,"11":0,"12":1},"b":{"0":[1,0],"1":[10,0],"2":[10,40],"3":[10,40],"4":[0,10],"5":[0,10],"6":[10,0],"7":[10,40],"8":[10,30],"9":[10,30],"10":[10,2],"11":[0,2]},"meta":{"lastBranch":12,"lastFunction":13,"lastStatement":25,"seen":{"s:13:28:19:Infinity":0,"f:29:16:29:38":0,"s:36:27:36:65":1,"s:39:8:41:Infinity":2,"f:39:8:39:37":1,"s:40:25:40:Infinity":3,"b:40:54:40:64:40:64:40:Infinity":0,"s:41:4:41:Infinity":4,"s:44:8:46:Infinity":5,"f:44:8:44:28":2,"s:45:4:45:Infinity":6,"s:46:4:46:Infinity":7,"s:49:2:210:Infinity":8,"b:54:39:54:59:54:59:54:Infinity":1,"f:68:20:68:25":3,"s:69:25:69:Infinity":9,"s:70:29:70:Infinity":10,"s:71:12:83:Infinity":11,"f:74:16:74:31":4,"s:74:31:74:56":12,"b:77:22:77:Infinity:78:22:78:Infinity":2,"b:81:66:81:72:81:72:81:77":3,"b:97:46:97:62:97:62:97:Infinity":4,"b:100:138:100:156:100:156:100:177":5,"b:116:39:116:59:116:59:116:Infinity":6,"f:125:20:125:25":5,"s:126:25:126:Infinity":13,"s:127:29:127:Infinity":14,"s:128:12:138:Infinity":15,"f:131:16:131:31":6,"s:131:31:131:56":16,"b:133:29:133:66:133:66:133:Infinity":7,"f:152:32:152:37":7,"s:153:25:153:Infinity":17,"s:154:29:154:Infinity":18,"s:155:12:165:Infinity":19,"f:158:16:158:31":8,"s:158:31:158:56":20,"b:160:29:160:66:160:66:160:Infinity":8,"b:163:55:163:72:163:72:163:88":9,"f:169:12:169:27":9,"s:169:27:169:52":21,"b:179:7:179:Infinity:180:8:203:Infinity":10,"f:181:77:181:92":10,"s:181:92:181:122":22,"f:185:22:185:37":11,"s:185:37:185:63":23,"f:191:16:191:31":12,"s:191:31:191:59":24,"b:193:46:193:73:193:73:193:Infinity":11}}}
,"/Users/eduardoestrada/Documents/UofMaryland/SWEN661/ProjectFiles/team_2_project/apps/react/src/app/components/CreateTaskModal.tsx": {"path":"/Users/eduardoestrada/Documents/UofMaryland/SWEN661/ProjectFiles/team_2_project/apps/react/src/app/components/CreateTaskModal.tsx","statementMap":{"0":{"start":{"line":20,"column":71},"end":{"line":20,"column":104}},"1":{"start":{"line":21,"column":8},"end":{"line":21,"column":60}},"2":{"start":{"line":23,"column":2},"end":{"line":28,"column":null}},"3":{"start":{"line":24,"column":4},"end":{"line":26,"column":null}},"4":{"start":{"line":25,"column":20},"end":{"line":25,"column":72}},"5":{"start":{"line":25,"column":37},"end":{"line":25,"column":66}},"6":{"start":{"line":26,"column":6},"end":{"line":26,"column":null}},"7":{"start":{"line":26,"column":19},"end":{"line":26,"column":38}},"8":{"start":{"line":30,"column":2},"end":{"line":30,"column":null}},"9":{"start":{"line":30,"column":15},"end":{"line":30,"column":null}},"10":{"start":{"line":32,"column":27},"end":{"line":39,"column":null}},"11":{"start":{"line":34,"column":4},"end":{"line":34,"column":null}},"12":{"start":{"line":34,"column":35},"end":{"line":34,"column":59}},"13":{"start":{"line":37,"column":4},"end":{"line":37,"column":null}},"14":{"start":{"line":38,"column":4},"end":{"line":38,"column":null}},"15":{"start":{"line":39,"column":4},"end":{"line":39,"column":null}},"16":{"start":{"line":42,"column":8},"end":{"line":46,"column":null}},"17":{"start":{"line":42,"column":47},"end":{"line":46,"column":null}},"18":{"start":{"line":51,"column":21},"end":{"line":51,"column":null}},"19":{"start":{"line":54,"column":4},"end":{"line":58,"column":null}},"20":{"start":{"line":61,"column":48},"end":{"line":61,"column":111}},"21":{"start":{"line":63,"column":2},"end":{"line":155,"column":null}},"22":{"start":{"line":95,"column":18},"end":{"line":95,"column":null}},"23":{"start":{"line":96,"column":18},"end":{"line":96,"column":null}},"24":{"start":{"line":137,"column":72},"end":{"line":137,"column":111}}},"fnMap":{"0":{"name":"CreateTaskModal","decl":{"start":{"line":19,"column":16},"end":{"line":19,"column":32}},"loc":{"start":{"line":19,"column":85},"end":{"line":155,"column":null}},"line":19},"1":{"name":"(anonymous_1)","decl":{"start":{"line":23,"column":2},"end":{"line":23,"column":18}},"loc":{"start":{"line":23,"column":18},"end":{"line":28,"column":6}},"line":23},"2":{"name":"(anonymous_2)","decl":{"start":{"line":25,"column":20},"end":{"line":25,"column":37}},"loc":{"start":{"line":25,"column":37},"end":{"line":25,"column":66}},"line":25},"3":{"name":"(anonymous_3)","decl":{"start":{"line":26,"column":6},"end":{"line":26,"column":19}},"loc":{"start":{"line":26,"column":19},"end":{"line":26,"column":38}},"line":26},"4":{"name":"(anonymous_4)","decl":{"start":{"line":32,"column":27},"end":{"line":32,"column":34}},"loc":{"start":{"line":32,"column":57},"end":{"line":39,"column":null}},"line":32},"5":{"name":"(anonymous_5)","decl":{"start":{"line":34,"column":14},"end":{"line":34,"column":23}},"loc":{"start":{"line":34,"column":35},"end":{"line":34,"column":59}},"line":34},"6":{"name":"(anonymous_6)","decl":{"start":{"line":42,"column":8},"end":{"line":42,"column":25}},"loc":{"start":{"line":42,"column":47},"end":{"line":46,"column":null}},"line":42},"7":{"name":"(anonymous_7)","decl":{"start":{"line":94,"column":16},"end":{"line":94,"column":22}},"loc":{"start":{"line":94,"column":28},"end":{"line":96,"column":null}},"line":94},"8":{"name":"(anonymous_8)","decl":{"start":{"line":137,"column":61},"end":{"line":137,"column":66}},"loc":{"start":{"line":137,"column":72},"end":{"line":137,"column":111}},"line":137}},"branchMap":{"0":{"loc":{"start":{"line":24,"column":4},"end":{"line":26,"column":null}},"type":"if","locations":[{"start":{"line":24,"column":4},"end":{"line":26,"column":null}},{"start":{},"end":{}}],"line":24},"1":{"loc":{"start":{"line":30,"column":2},"end":{"line":30,"column":null}},"type":"if","locations":[{"start":{"line":30,"column":2},"end":{"line":30,"column":null}},{"start":{},"end":{}}],"line":30},"2":{"loc":{"start":{"line":44,"column":6},"end":{"line":46,"column":null}},"type":"cond-expr","locations":[{"start":{"line":45,"column":8},"end":{"line":45,"column":null}},{"start":{"line":46,"column":8},"end":{"line":46,"column":null}}],"line":44},"3":{"loc":{"start":{"line":154,"column":15},"end":{"line":154,"column":null}},"type":"cond-expr","locations":[{"start":{"line":154,"column":30},"end":{"line":154,"column":46}},{"start":{"line":154,"column":46},"end":{"line":154,"column":null}}],"line":154}},"s":{"0":17,"1":17,"2":17,"3":8,"4":1,"5":0,"6":1,"7":1,"8":17,"9":16,"10":1,"11":0,"12":0,"13":0,"14":0,"15":0,"16":1,"17":4,"18":1,"19":1,"20":1,"21":1,"22":2,"23":2,"24":3},"f":{"0":17,"1":8,"2":0,"3":1,"4":0,"5":0,"6":4,"7":2,"8":3},"b":{"0":[1,7],"1":[16,1],"2":[0,4],"3":[0,1]},"meta":{"lastBranch":4,"lastFunction":9,"lastStatement":25,"seen":{"f:19:16:19:32":0,"s:20:71:20:104":0,"s:21:8:21:60":1,"s:23:2:28:Infinity":2,"f:23:2:23:18":1,"b:24:4:26:Infinity:undefined:undefined:undefined:undefined":0,"s:24:4:26:Infinity":3,"s:25:20:25:72":4,"f:25:20:25:37":2,"s:25:37:25:66":5,"s:26:6:26:Infinity":6,"f:26:6:26:19":3,"s:26:19:26:38":7,"b:30:2:30:Infinity:undefined:undefined:undefined:undefined":1,"s:30:2:30:Infinity":8,"s:30:15:30:Infinity":9,"s:32:27:39:Infinity":10,"f:32:27:32:34":4,"s:34:4:34:Infinity":11,"f:34:14:34:23":5,"s:34:35:34:59":12,"s:37:4:37:Infinity":13,"s:38:4:38:Infinity":14,"s:39:4:39:Infinity":15,"s:42:8:46:Infinity":16,"f:42:8:42:25":6,"s:42:47:46:Infinity":17,"b:45:8:45:Infinity:46:8:46:Infinity":2,"s:51:21:51:Infinity":18,"s:54:4:58:Infinity":19,"s:61:48:61:111":20,"s:63:2:155:Infinity":21,"f:94:16:94:22":7,"s:95:18:95:Infinity":22,"s:96:18:96:Infinity":23,"f:137:61:137:66":8,"s:137:72:137:111":24,"b:154:30:154:46:154:46:154:Infinity":3}}}
,"/Users/eduardoestrada/Documents/UofMaryland/SWEN661/ProjectFiles/team_2_project/apps/react/src/app/components/Login.tsx": {"path":"/Users/eduardoestrada/Documents/UofMaryland/SWEN661/ProjectFiles/team_2_project/apps/react/src/app/components/Login.tsx","statementMap":{"0":{"start":{"line":165,"column":23},"end":{"line":165,"column":57}},"1":{"start":{"line":166,"column":21},"end":{"line":166,"column":67}},"2":{"start":{"line":171,"column":25},"end":{"line":176,"column":4}},"3":{"start":{"line":178,"column":19},"end":{"line":199,"column":null}},"4":{"start":{"line":179,"column":4},"end":{"line":179,"column":null}},"5":{"start":{"line":182,"column":4},"end":{"line":182,"column":null}},"6":{"start":{"line":182,"column":35},"end":{"line":182,"column":59}},"7":{"start":{"line":184,"column":4},"end":{"line":199,"column":null}},"8":{"start":{"line":188,"column":19},"end":{"line":191,"column":16}},"9":{"start":{"line":193,"column":6},"end":{"line":196,"column":null}},"10":{"start":{"line":194,"column":8},"end":{"line":194,"column":null}},"11":{"start":{"line":196,"column":8},"end":{"line":196,"column":null}},"12":{"start":{"line":199,"column":6},"end":{"line":199,"column":null}},"13":{"start":{"line":203,"column":2},"end":{"line":311,"column":null}},"14":{"start":{"line":268,"column":35},"end":{"line":268,"column":65}}},"fnMap":{"0":{"name":"Login","decl":{"start":{"line":164,"column":16},"end":{"line":164,"column":22}},"loc":{"start":{"line":164,"column":47},"end":{"line":311,"column":null}},"line":164},"1":{"name":"(anonymous_1)","decl":{"start":{"line":178,"column":19},"end":{"line":178,"column":26}},"loc":{"start":{"line":178,"column":50},"end":{"line":199,"column":null}},"line":178},"2":{"name":"(anonymous_2)","decl":{"start":{"line":182,"column":14},"end":{"line":182,"column":23}},"loc":{"start":{"line":182,"column":35},"end":{"line":182,"column":59}},"line":182},"3":{"name":"(anonymous_3)","decl":{"start":{"line":268,"column":20},"end":{"line":268,"column":35}},"loc":{"start":{"line":268,"column":35},"end":{"line":268,"column":65}},"line":268}},"branchMap":{"0":{"loc":{"start":{"line":193,"column":6},"end":{"line":196,"column":null}},"type":"if","locations":[{"start":{"line":193,"column":6},"end":{"line":196,"column":null}},{"start":{"line":195,"column":13},"end":{"line":196,"column":null}}],"line":193},"1":{"loc":{"start":{"line":226,"column":15},"end":{"line":229,"column":null}},"type":"binary-expr","locations":[{"start":{"line":226,"column":15},"end":{"line":226,"column":null}},{"start":{"line":227,"column":16},"end":{"line":229,"column":null}}],"line":226},"2":{"loc":{"start":{"line":238,"column":75},"end":{"line":238,"column":147}},"type":"cond-expr","locations":[{"start":{"line":238,"column":90},"end":{"line":238,"column":119}},{"start":{"line":238,"column":119},"end":{"line":238,"column":147}}],"line":238},"3":{"loc":{"start":{"line":245,"column":17},"end":{"line":248,"column":null}},"type":"binary-expr","locations":[{"start":{"line":245,"column":17},"end":{"line":245,"column":null}},{"start":{"line":246,"column":18},"end":{"line":248,"column":null}}],"line":245},"4":{"loc":{"start":{"line":258,"column":26},"end":{"line":258,"column":null}},"type":"cond-expr","locations":[{"start":{"line":258,"column":41},"end":{"line":258,"column":50}},{"start":{"line":258,"column":50},"end":{"line":258,"column":null}}],"line":258},"5":{"loc":{"start":{"line":259,"column":83},"end":{"line":259,"column":158}},"type":"cond-expr","locations":[{"start":{"line":259,"column":101},"end":{"line":259,"column":130}},{"start":{"line":259,"column":130},"end":{"line":259,"column":158}}],"line":259},"6":{"loc":{"start":{"line":271,"column":21},"end":{"line":271,"column":null}},"type":"cond-expr","locations":[{"start":{"line":271,"column":36},"end":{"line":271,"column":70}},{"start":{"line":271,"column":69},"end":{"line":271,"column":null}}],"line":271},"7":{"loc":{"start":{"line":274,"column":17},"end":{"line":277,"column":null}},"type":"binary-expr","locations":[{"start":{"line":274,"column":17},"end":{"line":274,"column":null}},{"start":{"line":275,"column":18},"end":{"line":277,"column":null}}],"line":274},"8":{"loc":{"start":{"line":301,"column":17},"end":{"line":306,"column":null}},"type":"cond-expr","locations":[{"start":{"line":302,"column":18},"end":{"line":306,"column":null}},{"start":{"line":306,"column":20},"end":{"line":306,"column":null}}],"line":301}},"s":{"0":16,"1":16,"2":16,"3":16,"4":2,"5":2,"6":2,"7":2,"8":2,"9":2,"10":1,"11":1,"12":0,"13":16,"14":0},"f":{"0":16,"1":2,"2":2,"3":0},"b":{"0":[1,1],"1":[16,1],"2":[1,15],"3":[16,1],"4":[0,16],"5":[1,15],"6":[0,16],"7":[16,1],"8":[5,11]},"meta":{"lastBranch":9,"lastFunction":4,"lastStatement":15,"seen":{"f:164:16:164:22":0,"s:165:23:165:57":0,"s:166:21:166:67":1,"s:171:25:176:4":2,"s:178:19:199:Infinity":3,"f:178:19:178:26":1,"s:179:4:179:Infinity":4,"s:182:4:182:Infinity":5,"f:182:14:182:23":2,"s:182:35:182:59":6,"s:184:4:199:Infinity":7,"s:188:19:191:16":8,"b:193:6:196:Infinity:195:13:196:Infinity":0,"s:193:6:196:Infinity":9,"s:194:8:194:Infinity":10,"s:196:8:196:Infinity":11,"s:199:6:199:Infinity":12,"s:203:2:311:Infinity":13,"b:226:15:226:Infinity:227:16:229:Infinity":1,"b:238:90:238:119:238:119:238:147":2,"b:245:17:245:Infinity:246:18:248:Infinity":3,"b:258:41:258:50:258:50:258:Infinity":4,"b:259:101:259:130:259:130:259:158":5,"f:268:20:268:35":3,"s:268:35:268:65":14,"b:271:36:271:70:271:69:271:Infinity":6,"b:274:17:274:Infinity:275:18:277:Infinity":7,"b:302:18:306:Infinity:306:20:306:Infinity":8}}}
,"/Users/eduardoestrada/Documents/UofMaryland/SWEN661/ProjectFiles/team_2_project/apps/react/src/app/components/NewAppointmentModal.tsx": {"path":"/Users/eduardoestrada/Documents/UofMaryland/SWEN661/ProjectFiles/team_2_project/apps/react/src/app/components/NewAppointmentModal.tsx","statementMap":{"0":{"start":{"line":19,"column":55},"end":{"line":19,"column":104}},"1":{"start":{"line":21,"column":2},"end":{"line":21,"column":null}},"2":{"start":{"line":21,"column":15},"end":{"line":21,"column":null}},"3":{"start":{"line":23,"column":20},"end":{"line":28,"column":null}},"4":{"start":{"line":30,"column":27},"end":{"line":34,"column":null}},"5":{"start":{"line":32,"column":4},"end":{"line":32,"column":null}},"6":{"start":{"line":32,"column":35},"end":{"line":32,"column":59}},"7":{"start":{"line":33,"column":4},"end":{"line":33,"column":null}},"8":{"start":{"line":34,"column":4},"end":{"line":34,"column":null}},"9":{"start":{"line":38,"column":4},"end":{"line":42,"column":null}},"10":{"start":{"line":45,"column":8},"end":{"line":49,"column":null}},"11":{"start":{"line":45,"column":46},"end":{"line":49,"column":null}},"12":{"start":{"line":53,"column":2},"end":{"line":199,"column":null}},"13":{"start":{"line":97,"column":45},"end":{"line":97,"column":93}},"14":{"start":{"line":118,"column":70},"end":{"line":118,"column":109}},"15":{"start":{"line":148,"column":89},"end":{"line":148,"column":128}},"16":{"start":{"line":163,"column":67},"end":{"line":163,"column":106}}},"fnMap":{"0":{"name":"NewAppointmentModal","decl":{"start":{"line":18,"column":16},"end":{"line":18,"column":36}},"loc":{"start":{"line":18,"column":93},"end":{"line":199,"column":null}},"line":18},"1":{"name":"(anonymous_1)","decl":{"start":{"line":30,"column":27},"end":{"line":30,"column":34}},"loc":{"start":{"line":30,"column":64},"end":{"line":34,"column":null}},"line":30},"2":{"name":"(anonymous_2)","decl":{"start":{"line":32,"column":14},"end":{"line":32,"column":23}},"loc":{"start":{"line":32,"column":35},"end":{"line":32,"column":59}},"line":32},"3":{"name":"(anonymous_3)","decl":{"start":{"line":45,"column":8},"end":{"line":45,"column":24}},"loc":{"start":{"line":45,"column":46},"end":{"line":49,"column":null}},"line":45},"4":{"name":"(anonymous_4)","decl":{"start":{"line":97,"column":31},"end":{"line":97,"column":36}},"loc":{"start":{"line":97,"column":45},"end":{"line":97,"column":93}},"line":97},"5":{"name":"(anonymous_5)","decl":{"start":{"line":118,"column":59},"end":{"line":118,"column":64}},"loc":{"start":{"line":118,"column":70},"end":{"line":118,"column":109}},"line":118},"6":{"name":"(anonymous_6)","decl":{"start":{"line":148,"column":78},"end":{"line":148,"column":83}},"loc":{"start":{"line":148,"column":89},"end":{"line":148,"column":128}},"line":148},"7":{"name":"(anonymous_7)","decl":{"start":{"line":163,"column":56},"end":{"line":163,"column":61}},"loc":{"start":{"line":163,"column":67},"end":{"line":163,"column":106}},"line":163}},"branchMap":{"0":{"loc":{"start":{"line":21,"column":2},"end":{"line":21,"column":null}},"type":"if","locations":[{"start":{"line":21,"column":2},"end":{"line":21,"column":null}},{"start":{},"end":{}}],"line":21},"1":{"loc":{"start":{"line":47,"column":6},"end":{"line":49,"column":null}},"type":"cond-expr","locations":[{"start":{"line":48,"column":8},"end":{"line":48,"column":null}},{"start":{"line":49,"column":8},"end":{"line":49,"column":null}}],"line":47},"2":{"loc":{"start":{"line":101,"column":17},"end":{"line":104,"column":null}},"type":"binary-expr","locations":[{"start":{"line":101,"column":17},"end":{"line":101,"column":null}},{"start":{"line":102,"column":18},"end":{"line":104,"column":null}}],"line":101},"3":{"loc":{"start":{"line":186,"column":17},"end":{"line":195,"column":null}},"type":"cond-expr","locations":[{"start":{"line":187,"column":18},"end":{"line":190,"column":null}},{"start":{"line":192,"column":18},"end":{"line":195,"column":null}}],"line":186}},"s":{"0":28,"1":28,"2":25,"3":3,"4":3,"5":0,"6":0,"7":0,"8":0,"9":3,"10":3,"11":15,"12":3,"13":63,"14":12,"15":12,"16":9},"f":{"0":28,"1":0,"2":0,"3":15,"4":63,"5":12,"6":12,"7":9},"b":{"0":[25,3],"1":[0,15],"2":[3,0],"3":[0,3]},"meta":{"lastBranch":4,"lastFunction":8,"lastStatement":17,"seen":{"f:18:16:18:36":0,"s:19:55:19:104":0,"b:21:2:21:Infinity:undefined:undefined:undefined:undefined":0,"s:21:2:21:Infinity":1,"s:21:15:21:Infinity":2,"s:23:20:28:Infinity":3,"s:30:27:34:Infinity":4,"f:30:27:30:34":1,"s:32:4:32:Infinity":5,"f:32:14:32:23":2,"s:32:35:32:59":6,"s:33:4:33:Infinity":7,"s:34:4:34:Infinity":8,"s:38:4:42:Infinity":9,"s:45:8:49:Infinity":10,"f:45:8:45:24":3,"s:45:46:49:Infinity":11,"b:48:8:48:Infinity:49:8:49:Infinity":1,"s:53:2:199:Infinity":12,"f:97:31:97:36":4,"s:97:45:97:93":13,"b:101:17:101:Infinity:102:18:104:Infinity":2,"f:118:59:118:64":5,"s:118:70:118:109":14,"f:148:78:148:83":6,"s:148:89:148:128":15,"f:163:56:163:61":7,"s:163:67:163:106":16,"b:187:18:190:Infinity:192:18:195:Infinity":3}}}
,"/Users/eduardoestrada/Documents/UofMaryland/SWEN661/ProjectFiles/team_2_project/apps/react/src/app/components/PatientCare.tsx": {"path":"/Users/eduardoestrada/Documents/UofMaryland/SWEN661/ProjectFiles/team_2_project/apps/react/src/app/components/PatientCare.tsx","statementMap":{"0":{"start":{"line":270,"column":27},"end":{"line":270,"column":65}},"1":{"start":{"line":271,"column":22},"end":{"line":271,"column":52}},"2":{"start":{"line":272,"column":28},"end":{"line":272,"column":81}},"3":{"start":{"line":273,"column":27},"end":{"line":273,"column":65}},"4":{"start":{"line":277,"column":8},"end":{"line":277,"column":72}},"5":{"start":{"line":277,"column":44},"end":{"line":277,"column":65}},"6":{"start":{"line":280,"column":27},"end":{"line":288,"column":null}},"7":{"start":{"line":281,"column":21},"end":{"line":281,"column":77}},"8":{"start":{"line":282,"column":18},"end":{"line":282,"column":43}},"9":{"start":{"line":283,"column":4},"end":{"line":286,"column":null}},"10":{"start":{"line":291,"column":26},"end":{"line":293,"column":null}},"11":{"start":{"line":292,"column":33},"end":{"line":292,"column":60}},"12":{"start":{"line":296,"column":27},"end":{"line":312,"column":null}},"13":{"start":{"line":297,"column":4},"end":{"line":312,"column":null}},"14":{"start":{"line":299,"column":23},"end":{"line":299,"column":78}},"15":{"start":{"line":301,"column":6},"end":{"line":308,"column":null}},"16":{"start":{"line":310,"column":6},"end":{"line":310,"column":null}},"17":{"start":{"line":312,"column":6},"end":{"line":312,"column":null}},"18":{"start":{"line":316,"column":8},"end":{"line":321,"column":null}},"19":{"start":{"line":317,"column":4},"end":{"line":321,"column":null}},"20":{"start":{"line":318,"column":21},"end":{"line":318,"column":null}},"21":{"start":{"line":319,"column":24},"end":{"line":319,"column":null}},"22":{"start":{"line":320,"column":23},"end":{"line":320,"column":null}},"23":{"start":{"line":321,"column":15},"end":{"line":321,"column":null}},"24":{"start":{"line":325,"column":8},"end":{"line":325,"column":93}},"25":{"start":{"line":325,"column":45},"end":{"line":325,"column":93}},"26":{"start":{"line":327,"column":8},"end":{"line":329,"column":null}},"27":{"start":{"line":328,"column":4},"end":{"line":328,"column":null}},"28":{"start":{"line":329,"column":4},"end":{"line":329,"column":null}},"29":{"start":{"line":332,"column":2},"end":{"line":513,"column":null}},"30":{"start":{"line":343,"column":27},"end":{"line":343,"column":52}},"31":{"start":{"line":362,"column":37},"end":{"line":362,"column":67}},"32":{"start":{"line":370,"column":37},"end":{"line":370,"column":null}},"33":{"start":{"line":371,"column":39},"end":{"line":371,"column":70}},"34":{"start":{"line":372,"column":18},"end":{"line":393,"column":null}},"35":{"start":{"line":375,"column":37},"end":{"line":375,"column":69}},"36":{"start":{"line":411,"column":43},"end":{"line":411,"column":69}},"37":{"start":{"line":470,"column":26},"end":{"line":472,"column":null}},"38":{"start":{"line":484,"column":26},"end":{"line":487,"column":null}},"39":{"start":{"line":511,"column":23},"end":{"line":511,"column":49}}},"fnMap":{"0":{"name":"PatientCare","decl":{"start":{"line":269,"column":16},"end":{"line":269,"column":30}},"loc":{"start":{"line":269,"column":30},"end":{"line":513,"column":null}},"line":269},"1":{"name":"(anonymous_1)","decl":{"start":{"line":277,"column":25},"end":{"line":277,"column":44}},"loc":{"start":{"line":277,"column":44},"end":{"line":277,"column":65}},"line":277},"2":{"name":"(anonymous_2)","decl":{"start":{"line":280,"column":42},"end":{"line":280,"column":50}},"loc":{"start":{"line":280,"column":62},"end":{"line":288,"column":null}},"line":280},"3":{"name":"(anonymous_3)","decl":{"start":{"line":292,"column":21},"end":{"line":292,"column":27}},"loc":{"start":{"line":292,"column":33},"end":{"line":292,"column":60}},"line":292},"4":{"name":"(anonymous_4)","decl":{"start":{"line":296,"column":27},"end":{"line":296,"column":34}},"loc":{"start":{"line":296,"column":48},"end":{"line":312,"column":null}},"line":296},"5":{"name":"(anonymous_5)","decl":{"start":{"line":316,"column":8},"end":{"line":316,"column":27}},"loc":{"start":{"line":316,"column":57},"end":{"line":321,"column":null}},"line":316},"6":{"name":"(anonymous_6)","decl":{"start":{"line":325,"column":8},"end":{"line":325,"column":26}},"loc":{"start":{"line":325,"column":45},"end":{"line":325,"column":93}},"line":325},"7":{"name":"(anonymous_7)","decl":{"start":{"line":327,"column":8},"end":{"line":327,"column":31}},"loc":{"start":{"line":327,"column":53},"end":{"line":329,"column":null}},"line":327},"8":{"name":"(anonymous_8)","decl":{"start":{"line":343,"column":12},"end":{"line":343,"column":27}},"loc":{"start":{"line":343,"column":27},"end":{"line":343,"column":52}},"line":343},"9":{"name":"(anonymous_9)","decl":{"start":{"line":362,"column":20},"end":{"line":362,"column":31}},"loc":{"start":{"line":362,"column":37},"end":{"line":362,"column":67}},"line":362},"10":{"name":"(anonymous_10)","decl":{"start":{"line":369,"column":64},"end":{"line":369,"column":69}},"loc":{"start":{"line":369,"column":81},"end":{"line":395,"column":null}},"line":369},"11":{"name":"(anonymous_11)","decl":{"start":{"line":375,"column":22},"end":{"line":375,"column":37}},"loc":{"start":{"line":375,"column":37},"end":{"line":375,"column":69}},"line":375},"12":{"name":"(anonymous_12)","decl":{"start":{"line":411,"column":28},"end":{"line":411,"column":43}},"loc":{"start":{"line":411,"column":43},"end":{"line":411,"column":69}},"line":411},"13":{"name":"(anonymous_13)","decl":{"start":{"line":469,"column":51},"end":{"line":469,"column":56}},"loc":{"start":{"line":470,"column":26},"end":{"line":472,"column":null}},"line":470},"14":{"name":"(anonymous_14)","decl":{"start":{"line":483,"column":53},"end":{"line":483,"column":58}},"loc":{"start":{"line":484,"column":26},"end":{"line":487,"column":null}},"line":484},"15":{"name":"(anonymous_15)","decl":{"start":{"line":511,"column":8},"end":{"line":511,"column":23}},"loc":{"start":{"line":511,"column":23},"end":{"line":511,"column":49}},"line":511}},"branchMap":{"0":{"loc":{"start":{"line":277,"column":8},"end":{"line":277,"column":72}},"type":"binary-expr","locations":[{"start":{"line":277,"column":8},"end":{"line":277,"column":66}},{"start":{"line":277,"column":70},"end":{"line":277,"column":72}}],"line":277},"1":{"loc":{"start":{"line":284,"column":6},"end":{"line":286,"column":52}},"type":"binary-expr","locations":[{"start":{"line":284,"column":6},"end":{"line":284,"column":30}},{"start":{"line":285,"column":6},"end":{"line":285,"column":48}},{"start":{"line":286,"column":6},"end":{"line":286,"column":52}}],"line":284},"2":{"loc":{"start":{"line":291,"column":26},"end":{"line":293,"column":null}},"type":"cond-expr","locations":[{"start":{"line":292,"column":6},"end":{"line":292,"column":60}},{"start":{"line":293,"column":6},"end":{"line":293,"column":null}}],"line":291},"3":{"loc":{"start":{"line":305,"column":19},"end":{"line":305,"column":39}},"type":"binary-expr","locations":[{"start":{"line":305,"column":19},"end":{"line":305,"column":37}},{"start":{"line":305,"column":37},"end":{"line":305,"column":39}}],"line":305},"4":{"loc":{"start":{"line":306,"column":21},"end":{"line":306,"column":43}},"type":"binary-expr","locations":[{"start":{"line":306,"column":21},"end":{"line":306,"column":41}},{"start":{"line":306,"column":41},"end":{"line":306,"column":43}}],"line":306},"5":{"loc":{"start":{"line":307,"column":23},"end":{"line":307,"column":null}},"type":"binary-expr","locations":[{"start":{"line":307,"column":23},"end":{"line":307,"column":45}},{"start":{"line":307,"column":45},"end":{"line":307,"column":null}}],"line":307},"6":{"loc":{"start":{"line":317,"column":4},"end":{"line":321,"column":null}},"type":"switch","locations":[{"start":{"line":318,"column":6},"end":{"line":318,"column":null}},{"start":{"line":319,"column":6},"end":{"line":319,"column":null}},{"start":{"line":320,"column":6},"end":{"line":320,"column":null}},{"start":{"line":321,"column":6},"end":{"line":321,"column":null}}],"line":317},"7":{"loc":{"start":{"line":353,"column":43},"end":{"line":353,"column":null}},"type":"cond-expr","locations":[{"start":{"line":353,"column":62},"end":{"line":353,"column":82}},{"start":{"line":353,"column":82},"end":{"line":353,"column":null}}],"line":353},"8":{"loc":{"start":{"line":369,"column":17},"end":{"line":398,"column":null}},"type":"cond-expr","locations":[{"start":{"line":369,"column":47},"end":{"line":395,"column":null}},{"start":{"line":396,"column":18},"end":{"line":398,"column":null}}],"line":369},"9":{"loc":{"start":{"line":376,"column":136},"end":{"line":376,"column":null}},"type":"cond-expr","locations":[{"start":{"line":376,"column":149},"end":{"line":376,"column":184}},{"start":{"line":376,"column":184},"end":{"line":376,"column":null}}],"line":376},"10":{"loc":{"start":{"line":379,"column":153},"end":{"line":379,"column":null}},"type":"cond-expr","locations":[{"start":{"line":379,"column":166},"end":{"line":379,"column":214}},{"start":{"line":379,"column":214},"end":{"line":379,"column":null}}],"line":379},"11":{"loc":{"start":{"line":406,"column":43},"end":{"line":406,"column":null}},"type":"cond-expr","locations":[{"start":{"line":406,"column":62},"end":{"line":406,"column":72}},{"start":{"line":406,"column":72},"end":{"line":406,"column":null}}],"line":406},"12":{"loc":{"start":{"line":408,"column":15},"end":{"line":502,"column":null}},"type":"cond-expr","locations":[{"start":{"line":409,"column":16},"end":{"line":494,"column":17}},{"start":{"line":494,"column":16},"end":{"line":502,"column":null}}],"line":408}},"s":{"0":9,"1":9,"2":9,"3":9,"4":9,"5":0,"6":9,"7":18,"8":18,"9":18,"10":9,"11":4,"12":9,"13":0,"14":0,"15":0,"16":0,"17":0,"18":9,"19":32,"20":18,"21":0,"22":14,"23":0,"24":9,"25":20,"26":9,"27":2,"28":2,"29":9,"30":0,"31":1,"32":17,"33":17,"34":17,"35":2,"36":1,"37":3,"38":3,"39":0},"f":{"0":9,"1":0,"2":18,"3":4,"4":0,"5":32,"6":20,"7":2,"8":0,"9":1,"10":17,"11":2,"12":1,"13":3,"14":3,"15":0},"b":{"0":[9,0],"1":[18,1,1],"2":[3,6],"3":[0,0],"4":[0,0],"5":[0,0],"6":[18,0,14,0],"7":[2,7],"8":[9,0],"9":[3,14],"10":[3,14],"11":[2,7],"12":[3,6]},"meta":{"lastBranch":13,"lastFunction":16,"lastStatement":40,"seen":{"f:269:16:269:30":0,"s:270:27:270:65":0,"s:271:22:271:52":1,"s:272:28:272:81":2,"s:273:27:273:65":3,"s:277:8:277:72":4,"b:277:8:277:66:277:70:277:72":0,"f:277:25:277:44":1,"s:277:44:277:65":5,"s:280:27:288:Infinity":6,"f:280:42:280:50":2,"s:281:21:281:77":7,"s:282:18:282:43":8,"s:283:4:286:Infinity":9,"b:284:6:284:30:285:6:285:48:286:6:286:52":1,"s:291:26:293:Infinity":10,"b:292:6:292:60:293:6:293:Infinity":2,"f:292:21:292:27":3,"s:292:33:292:60":11,"s:296:27:312:Infinity":12,"f:296:27:296:34":4,"s:297:4:312:Infinity":13,"s:299:23:299:78":14,"s:301:6:308:Infinity":15,"b:305:19:305:37:305:37:305:39":3,"b:306:21:306:41:306:41:306:43":4,"b:307:23:307:45:307:45:307:Infinity":5,"s:310:6:310:Infinity":16,"s:312:6:312:Infinity":17,"s:316:8:321:Infinity":18,"f:316:8:316:27":5,"b:318:6:318:Infinity:319:6:319:Infinity:320:6:320:Infinity:321:6:321:Infinity":6,"s:317:4:321:Infinity":19,"s:318:21:318:Infinity":20,"s:319:24:319:Infinity":21,"s:320:23:320:Infinity":22,"s:321:15:321:Infinity":23,"s:325:8:325:93":24,"f:325:8:325:26":6,"s:325:45:325:93":25,"s:327:8:329:Infinity":26,"f:327:8:327:31":7,"s:328:4:328:Infinity":27,"s:329:4:329:Infinity":28,"s:332:2:513:Infinity":29,"f:343:12:343:27":8,"s:343:27:343:52":30,"b:353:62:353:82:353:82:353:Infinity":7,"f:362:20:362:31":9,"s:362:37:362:67":31,"b:369:47:395:Infinity:396:18:398:Infinity":8,"f:369:64:369:69":10,"s:370:37:370:Infinity":32,"s:371:39:371:70":33,"s:372:18:393:Infinity":34,"f:375:22:375:37":11,"s:375:37:375:69":35,"b:376:149:376:184:376:184:376:Infinity":9,"b:379:166:379:214:379:214:379:Infinity":10,"b:406:62:406:72:406:72:406:Infinity":11,"b:409:16:494:17:494:16:502:Infinity":12,"f:411:28:411:43":12,"s:411:43:411:69":36,"f:469:51:469:56":13,"s:470:26:472:Infinity":37,"f:483:53:483:58":14,"s:484:26:487:Infinity":38,"f:511:8:511:23":15,"s:511:23:511:49":39}}}
,"/Users/eduardoestrada/Documents/UofMaryland/SWEN661/ProjectFiles/team_2_project/apps/react/src/app/components/SchedulePage.tsx": {"path":"/Users/eduardoestrada/Documents/UofMaryland/SWEN661/ProjectFiles/team_2_project/apps/react/src/app/components/SchedulePage.tsx","statementMap":{"0":{"start":{"line":20,"column":19},"end":{"line":20,"column":null}},"1":{"start":{"line":21,"column":21},"end":{"line":21,"column":64}},"2":{"start":{"line":21,"column":58},"end":{"line":21,"column":64}},"3":{"start":{"line":23,"column":36},"end":{"line":27,"column":null}},"4":{"start":{"line":30,"column":31},"end":{"line":30,"column":73}},"5":{"start":{"line":31,"column":23},"end":{"line":31,"column":54}},"6":{"start":{"line":32,"column":16},"end":{"line":32,"column":null}},"7":{"start":{"line":34,"column":28},"end":{"line":34,"column":null}},"8":{"start":{"line":34,"column":55},"end":{"line":34,"column":80}},"9":{"start":{"line":35,"column":32},"end":{"line":35,"column":null}},"10":{"start":{"line":35,"column":59},"end":{"line":35,"column":84}},"11":{"start":{"line":36,"column":31},"end":{"line":36,"column":null}},"12":{"start":{"line":36,"column":58},"end":{"line":36,"column":83}},"13":{"start":{"line":38,"column":8},"end":{"line":41,"column":6}},"14":{"start":{"line":39,"column":4},"end":{"line":41,"column":6}},"15":{"start":{"line":43,"column":8},"end":{"line":56,"column":null}},"16":{"start":{"line":44,"column":4},"end":{"line":56,"column":null}},"17":{"start":{"line":45,"column":24},"end":{"line":48,"column":null}},"18":{"start":{"line":49,"column":24},"end":{"line":52,"column":null}},"19":{"start":{"line":53,"column":24},"end":{"line":56,"column":null}},"20":{"start":{"line":60,"column":8},"end":{"line":64,"column":null}},"21":{"start":{"line":61,"column":4},"end":{"line":61,"column":null}},"22":{"start":{"line":61,"column":31},"end":{"line":61,"column":null}},"23":{"start":{"line":62,"column":4},"end":{"line":62,"column":null}},"24":{"start":{"line":62,"column":17},"end":{"line":62,"column":null}},"25":{"start":{"line":63,"column":4},"end":{"line":63,"column":null}},"26":{"start":{"line":63,"column":20},"end":{"line":63,"column":null}},"27":{"start":{"line":64,"column":4},"end":{"line":64,"column":null}},"28":{"start":{"line":67,"column":2},"end":{"line":233,"column":null}},"29":{"start":{"line":78,"column":27},"end":{"line":78,"column":56}},"30":{"start":{"line":107,"column":20},"end":{"line":107,"column":null}},"31":{"start":{"line":112,"column":20},"end":{"line":118,"column":null}},"32":{"start":{"line":114,"column":37},"end":{"line":114,"column":57}},"33":{"start":{"line":148,"column":33},"end":{"line":148,"column":68}},"34":{"start":{"line":149,"column":18},"end":{"line":189,"column":null}},"35":{"start":{"line":178,"column":53},"end":{"line":178,"column":82}},"36":{"start":{"line":195,"column":39},"end":{"line":195,"column":68}},"37":{"start":{"line":210,"column":25},"end":{"line":210,"column":null}},"38":{"start":{"line":211,"column":12},"end":{"line":223,"column":null}},"39":{"start":{"line":231,"column":23},"end":{"line":231,"column":53}},"40":{"start":{"line":232,"column":30},"end":{"line":232,"column":69}},"41":{"start":{"line":232,"column":69},"end":{"line":232,"column":null}}},"fnMap":{"0":{"name":"(anonymous_0)","decl":{"start":{"line":21,"column":46},"end":{"line":21,"column":49}},"loc":{"start":{"line":21,"column":58},"end":{"line":21,"column":64}},"line":21},"1":{"name":"SchedulePage","decl":{"start":{"line":29,"column":16},"end":{"line":29,"column":31}},"loc":{"start":{"line":29,"column":31},"end":{"line":233,"column":null}},"line":29},"2":{"name":"(anonymous_2)","decl":{"start":{"line":34,"column":41},"end":{"line":34,"column":49}},"loc":{"start":{"line":34,"column":55},"end":{"line":34,"column":80}},"line":34},"3":{"name":"(anonymous_3)","decl":{"start":{"line":35,"column":45},"end":{"line":35,"column":53}},"loc":{"start":{"line":35,"column":59},"end":{"line":35,"column":84}},"line":35},"4":{"name":"(anonymous_4)","decl":{"start":{"line":36,"column":44},"end":{"line":36,"column":52}},"loc":{"start":{"line":36,"column":58},"end":{"line":36,"column":83}},"line":36},"5":{"name":"(anonymous_5)","decl":{"start":{"line":38,"column":8},"end":{"line":38,"column":null}},"loc":{"start":{"line":39,"column":4},"end":{"line":41,"column":6}},"line":39},"6":{"name":"(anonymous_6)","decl":{"start":{"line":43,"column":8},"end":{"line":43,"column":27}},"loc":{"start":{"line":43,"column":57},"end":{"line":56,"column":null}},"line":43},"7":{"name":"(anonymous_7)","decl":{"start":{"line":60,"column":8},"end":{"line":60,"column":24}},"loc":{"start":{"line":60,"column":74},"end":{"line":64,"column":null}},"line":60},"8":{"name":"(anonymous_8)","decl":{"start":{"line":78,"column":12},"end":{"line":78,"column":27}},"loc":{"start":{"line":78,"column":27},"end":{"line":78,"column":56}},"line":78},"9":{"name":"(anonymous_9)","decl":{"start":{"line":106,"column":30},"end":{"line":106,"column":35}},"loc":{"start":{"line":107,"column":20},"end":{"line":107,"column":null}},"line":107},"10":{"name":"(anonymous_10)","decl":{"start":{"line":111,"column":32},"end":{"line":111,"column":37}},"loc":{"start":{"line":112,"column":20},"end":{"line":118,"column":null}},"line":112},"11":{"name":"(anonymous_11)","decl":{"start":{"line":114,"column":22},"end":{"line":114,"column":37}},"loc":{"start":{"line":114,"column":37},"end":{"line":114,"column":57}},"line":114},"12":{"name":"(anonymous_12)","decl":{"start":{"line":147,"column":30},"end":{"line":147,"column":35}},"loc":{"start":{"line":147,"column":51},"end":{"line":189,"column":null}},"line":147},"13":{"name":"(anonymous_13)","decl":{"start":{"line":178,"column":38},"end":{"line":178,"column":53}},"loc":{"start":{"line":178,"column":53},"end":{"line":178,"column":82}},"line":178},"14":{"name":"(anonymous_14)","decl":{"start":{"line":195,"column":24},"end":{"line":195,"column":39}},"loc":{"start":{"line":195,"column":39},"end":{"line":195,"column":68}},"line":195},"15":{"name":"(anonymous_15)","decl":{"start":{"line":209,"column":12},"end":{"line":209,"column":17}},"loc":{"start":{"line":209,"column":26},"end":{"line":223,"column":null}},"line":209},"16":{"name":"(anonymous_16)","decl":{"start":{"line":231,"column":8},"end":{"line":231,"column":23}},"loc":{"start":{"line":231,"column":23},"end":{"line":231,"column":53}},"line":231},"17":{"name":"(anonymous_17)","decl":{"start":{"line":232,"column":8},"end":{"line":232,"column":19}},"loc":{"start":{"line":232,"column":28},"end":{"line":232,"column":null}},"line":232}},"branchMap":{"0":{"loc":{"start":{"line":44,"column":4},"end":{"line":56,"column":null}},"type":"switch","locations":[{"start":{"line":45,"column":6},"end":{"line":48,"column":null}},{"start":{"line":49,"column":6},"end":{"line":52,"column":null}},{"start":{"line":53,"column":6},"end":{"line":56,"column":null}}],"line":44},"1":{"loc":{"start":{"line":61,"column":4},"end":{"line":61,"column":null}},"type":"if","locations":[{"start":{"line":61,"column":4},"end":{"line":61,"column":null}},{"start":{},"end":{}}],"line":61},"2":{"loc":{"start":{"line":61,"column":8},"end":{"line":61,"column":31}},"type":"binary-expr","locations":[{"start":{"line":61,"column":8},"end":{"line":61,"column":19}},{"start":{"line":61,"column":19},"end":{"line":61,"column":31}}],"line":61},"3":{"loc":{"start":{"line":62,"column":4},"end":{"line":62,"column":null}},"type":"if","locations":[{"start":{"line":62,"column":4},"end":{"line":62,"column":null}},{"start":{},"end":{}}],"line":62},"4":{"loc":{"start":{"line":63,"column":4},"end":{"line":63,"column":null}},"type":"if","locations":[{"start":{"line":63,"column":4},"end":{"line":63,"column":null}},{"start":{},"end":{}}],"line":63},"5":{"loc":{"start":{"line":162,"column":31},"end":{"line":174,"column":null}},"type":"cond-expr","locations":[{"start":{"line":163,"column":32},"end":{"line":165,"column":null}},{"start":{"line":165,"column":32},"end":{"line":174,"column":null}}],"line":162},"6":{"loc":{"start":{"line":177,"column":29},"end":{"line":184,"column":null}},"type":"cond-expr","locations":[{"start":{"line":178,"column":30},"end":{"line":182,"column":31}},{"start":{"line":182,"column":30},"end":{"line":184,"column":null}}],"line":177}},"s":{"0":2,"1":2,"2":56,"3":2,"4":7,"5":7,"6":7,"7":7,"8":21,"9":7,"10":21,"11":7,"12":21,"13":7,"14":7,"15":7,"16":21,"17":7,"18":7,"19":7,"20":7,"21":196,"22":0,"23":196,"24":7,"25":189,"26":189,"27":182,"28":7,"29":1,"30":49,"31":196,"32":1,"33":21,"34":21,"35":1,"36":0,"37":21,"38":21,"39":0,"40":0,"41":0},"f":{"0":56,"1":7,"2":21,"3":21,"4":21,"5":7,"6":21,"7":196,"8":1,"9":49,"10":196,"11":1,"12":21,"13":1,"14":0,"15":21,"16":0,"17":0},"b":{"0":[7,7,7],"1":[0,196],"2":[196,7],"3":[7,189],"4":[7,182],"5":[7,14],"6":[7,14]},"meta":{"lastBranch":7,"lastFunction":18,"lastStatement":42,"seen":{"s:20:19:20:Infinity":0,"s:21:21:21:64":1,"f:21:46:21:49":0,"s:21:58:21:64":2,"s:23:36:27:Infinity":3,"f:29:16:29:31":1,"s:30:31:30:73":4,"s:31:23:31:54":5,"s:32:16:32:Infinity":6,"s:34:28:34:Infinity":7,"f:34:41:34:49":2,"s:34:55:34:80":8,"s:35:32:35:Infinity":9,"f:35:45:35:53":3,"s:35:59:35:84":10,"s:36:31:36:Infinity":11,"f:36:44:36:52":4,"s:36:58:36:83":12,"s:38:8:41:6":13,"f:38:8:38:Infinity":5,"s:39:4:41:6":14,"s:43:8:56:Infinity":15,"f:43:8:43:27":6,"b:45:6:48:Infinity:49:6:52:Infinity:53:6:56:Infinity":0,"s:44:4:56:Infinity":16,"s:45:24:48:Infinity":17,"s:49:24:52:Infinity":18,"s:53:24:56:Infinity":19,"s:60:8:64:Infinity":20,"f:60:8:60:24":7,"b:61:4:61:Infinity:undefined:undefined:undefined:undefined":1,"s:61:4:61:Infinity":21,"b:61:8:61:19:61:19:61:31":2,"s:61:31:61:Infinity":22,"b:62:4:62:Infinity:undefined:undefined:undefined:undefined":3,"s:62:4:62:Infinity":23,"s:62:17:62:Infinity":24,"b:63:4:63:Infinity:undefined:undefined:undefined:undefined":4,"s:63:4:63:Infinity":25,"s:63:20:63:Infinity":26,"s:64:4:64:Infinity":27,"s:67:2:233:Infinity":28,"f:78:12:78:27":8,"s:78:27:78:56":29,"f:106:30:106:35":9,"s:107:20:107:Infinity":30,"f:111:32:111:37":10,"s:112:20:118:Infinity":31,"f:114:22:114:37":11,"s:114:37:114:57":32,"f:147:30:147:35":12,"s:148:33:148:68":33,"s:149:18:189:Infinity":34,"b:163:32:165:Infinity:165:32:174:Infinity":5,"b:178:30:182:31:182:30:184:Infinity":6,"f:178:38:178:53":13,"s:178:53:178:82":35,"f:195:24:195:39":14,"s:195:39:195:68":36,"f:209:12:209:17":15,"s:210:25:210:Infinity":37,"s:211:12:223:Infinity":38,"f:231:8:231:23":16,"s:231:23:231:53":39,"f:232:8:232:19":17,"s:232:30:232:69":40,"s:232:69:232:Infinity":41}}}
,"/Users/eduardoestrada/Documents/UofMaryland/SWEN661/ProjectFiles/team_2_project/apps/react/src/app/components/SettingsPage.tsx": {"path":"/Users/eduardoestrada/Documents/UofMaryland/SWEN661/ProjectFiles/team_2_project/apps/react/src/app/components/SettingsPage.tsx","statementMap":{"0":{"start":{"line":30,"column":2},"end":{"line":45,"column":null}},"1":{"start":{"line":41,"column":23},"end":{"line":41,"column":41}},"2":{"start":{"line":50,"column":6},"end":{"line":53,"column":null}},"3":{"start":{"line":51,"column":2},"end":{"line":53,"column":null}},"4":{"start":{"line":58,"column":17},"end":{"line":58,"column":54}},"5":{"start":{"line":59,"column":20},"end":{"line":59,"column":64}},"6":{"start":{"line":60,"column":20},"end":{"line":60,"column":51}},"7":{"start":{"line":61,"column":28},"end":{"line":61,"column":67}},"8":{"start":{"line":64,"column":19},"end":{"line":64,"column":72}},"9":{"start":{"line":67,"column":2},"end":{"line":69,"column":null}},"10":{"start":{"line":68,"column":4},"end":{"line":68,"column":null}},"11":{"start":{"line":71,"column":8},"end":{"line":73,"column":null}},"12":{"start":{"line":72,"column":4},"end":{"line":72,"column":null}},"13":{"start":{"line":72,"column":27},"end":{"line":72,"column":54}},"14":{"start":{"line":73,"column":4},"end":{"line":73,"column":null}},"15":{"start":{"line":76,"column":8},"end":{"line":80,"column":null}},"16":{"start":{"line":77,"column":4},"end":{"line":77,"column":null}},"17":{"start":{"line":78,"column":4},"end":{"line":78,"column":null}},"18":{"start":{"line":79,"column":4},"end":{"line":79,"column":null}},"19":{"start":{"line":80,"column":4},"end":{"line":80,"column":null}},"20":{"start":{"line":80,"column":21},"end":{"line":80,"column":40}},"21":{"start":{"line":83,"column":8},"end":{"line":85,"column":null}},"22":{"start":{"line":84,"column":4},"end":{"line":84,"column":null}},"23":{"start":{"line":85,"column":4},"end":{"line":85,"column":null}},"24":{"start":{"line":88,"column":67},"end":{"line":92,"column":null}},"25":{"start":{"line":94,"column":2},"end":{"line":286,"column":null}},"26":{"start":{"line":109,"column":18},"end":{"line":119,"column":null}},"27":{"start":{"line":111,"column":35},"end":{"line":111,"column":55}},"28":{"start":{"line":135,"column":28},"end":{"line":145,"column":null}},"29":{"start":{"line":137,"column":45},"end":{"line":137,"column":90}},"30":{"start":{"line":154,"column":43},"end":{"line":154,"column":87}},"31":{"start":{"line":157,"column":85},"end":{"line":157,"column":null}},"32":{"start":{"line":168,"column":43},"end":{"line":168,"column":79}},"33":{"start":{"line":183,"column":43},"end":{"line":183,"column":84}},"34":{"start":{"line":197,"column":91},"end":{"line":197,"column":129}},"35":{"start":{"line":198,"column":87},"end":{"line":198,"column":121}},"36":{"start":{"line":204,"column":94},"end":{"line":204,"column":135}},"37":{"start":{"line":205,"column":96},"end":{"line":205,"column":139}},"38":{"start":{"line":216,"column":88},"end":{"line":216,"column":123}},"39":{"start":{"line":217,"column":91},"end":{"line":217,"column":129}},"40":{"start":{"line":227,"column":43},"end":{"line":227,"column":92}},"41":{"start":{"line":231,"column":28},"end":{"line":231,"column":null}}},"fnMap":{"0":{"name":"ToggleSwitch","decl":{"start":{"line":29,"column":9},"end":{"line":29,"column":22}},"loc":{"start":{"line":29,"column":84},"end":{"line":45,"column":null}},"line":29},"1":{"name":"(anonymous_1)","decl":{"start":{"line":41,"column":8},"end":{"line":41,"column":23}},"loc":{"start":{"line":41,"column":23},"end":{"line":41,"column":41}},"line":41},"2":{"name":"(anonymous_2)","decl":{"start":{"line":50,"column":6},"end":{"line":50,"column":23}},"loc":{"start":{"line":51,"column":2},"end":{"line":53,"column":null}},"line":51},"3":{"name":"SettingsPage","decl":{"start":{"line":57,"column":16},"end":{"line":57,"column":31}},"loc":{"start":{"line":57,"column":31},"end":{"line":286,"column":null}},"line":57},"4":{"name":"(anonymous_4)","decl":{"start":{"line":67,"column":2},"end":{"line":67,"column":18}},"loc":{"start":{"line":67,"column":18},"end":{"line":69,"column":6}},"line":67},"5":{"name":"(anonymous_5)","decl":{"start":{"line":71,"column":8},"end":{"line":71,"column":55}},"loc":{"start":{"line":71,"column":90},"end":{"line":73,"column":null}},"line":71},"6":{"name":"(anonymous_6)","decl":{"start":{"line":72,"column":4},"end":{"line":72,"column":17}},"loc":{"start":{"line":72,"column":27},"end":{"line":72,"column":54}},"line":72},"7":{"name":"(anonymous_7)","decl":{"start":{"line":76,"column":8},"end":{"line":76,"column":27}},"loc":{"start":{"line":76,"column":27},"end":{"line":80,"column":null}},"line":76},"8":{"name":"(anonymous_8)","decl":{"start":{"line":80,"column":4},"end":{"line":80,"column":21}},"loc":{"start":{"line":80,"column":21},"end":{"line":80,"column":40}},"line":80},"9":{"name":"(anonymous_9)","decl":{"start":{"line":83,"column":8},"end":{"line":83,"column":29}},"loc":{"start":{"line":83,"column":29},"end":{"line":85,"column":null}},"line":83},"10":{"name":"(anonymous_10)","decl":{"start":{"line":108,"column":22},"end":{"line":108,"column":27}},"loc":{"start":{"line":109,"column":18},"end":{"line":119,"column":null}},"line":109},"11":{"name":"(anonymous_11)","decl":{"start":{"line":111,"column":20},"end":{"line":111,"column":35}},"loc":{"start":{"line":111,"column":35},"end":{"line":111,"column":55}},"line":111},"12":{"name":"(anonymous_12)","decl":{"start":{"line":134,"column":45},"end":{"line":134,"column":50}},"loc":{"start":{"line":135,"column":28},"end":{"line":145,"column":null}},"line":135},"13":{"name":"(anonymous_13)","decl":{"start":{"line":137,"column":30},"end":{"line":137,"column":45}},"loc":{"start":{"line":137,"column":45},"end":{"line":137,"column":90}},"line":137},"14":{"name":"(anonymous_14)","decl":{"start":{"line":154,"column":26},"end":{"line":154,"column":37}},"loc":{"start":{"line":154,"column":43},"end":{"line":154,"column":87}},"line":154},"15":{"name":"(anonymous_15)","decl":{"start":{"line":157,"column":74},"end":{"line":157,"column":79}},"loc":{"start":{"line":157,"column":85},"end":{"line":157,"column":null}},"line":157},"16":{"name":"(anonymous_16)","decl":{"start":{"line":168,"column":24},"end":{"line":168,"column":35}},"loc":{"start":{"line":168,"column":43},"end":{"line":168,"column":79}},"line":168},"17":{"name":"(anonymous_17)","decl":{"start":{"line":183,"column":26},"end":{"line":183,"column":37}},"loc":{"start":{"line":183,"column":43},"end":{"line":183,"column":84}},"line":183},"18":{"name":"(anonymous_18)","decl":{"start":{"line":197,"column":72},"end":{"line":197,"column":83}},"loc":{"start":{"line":197,"column":91},"end":{"line":197,"column":129}},"line":197},"19":{"name":"(anonymous_19)","decl":{"start":{"line":198,"column":68},"end":{"line":198,"column":79}},"loc":{"start":{"line":198,"column":87},"end":{"line":198,"column":121}},"line":198},"20":{"name":"(anonymous_20)","decl":{"start":{"line":204,"column":75},"end":{"line":204,"column":86}},"loc":{"start":{"line":204,"column":94},"end":{"line":204,"column":135}},"line":204},"21":{"name":"(anonymous_21)","decl":{"start":{"line":205,"column":77},"end":{"line":205,"column":88}},"loc":{"start":{"line":205,"column":96},"end":{"line":205,"column":139}},"line":205},"22":{"name":"(anonymous_22)","decl":{"start":{"line":216,"column":69},"end":{"line":216,"column":80}},"loc":{"start":{"line":216,"column":88},"end":{"line":216,"column":123}},"line":216},"23":{"name":"(anonymous_23)","decl":{"start":{"line":217,"column":72},"end":{"line":217,"column":83}},"loc":{"start":{"line":217,"column":91},"end":{"line":217,"column":129}},"line":217},"24":{"name":"(anonymous_24)","decl":{"start":{"line":227,"column":26},"end":{"line":227,"column":37}},"loc":{"start":{"line":227,"column":43},"end":{"line":227,"column":92}},"line":227},"25":{"name":"(anonymous_25)","decl":{"start":{"line":230,"column":93},"end":{"line":230,"column":98}},"loc":{"start":{"line":231,"column":28},"end":{"line":231,"column":null}},"line":231}},"branchMap":{"0":{"loc":{"start":{"line":34,"column":9},"end":{"line":34,"column":null}},"type":"binary-expr","locations":[{"start":{"line":34,"column":9},"end":{"line":34,"column":24}},{"start":{"line":34,"column":24},"end":{"line":34,"column":null}}],"line":34},"1":{"loc":{"start":{"line":42,"column":225},"end":{"line":42,"column":null}},"type":"cond-expr","locations":[{"start":{"line":42,"column":235},"end":{"line":42,"column":282}},{"start":{"line":42,"column":282},"end":{"line":42,"column":null}}],"line":42},"2":{"loc":{"start":{"line":44,"column":135},"end":{"line":44,"column":184}},"type":"cond-expr","locations":[{"start":{"line":44,"column":145},"end":{"line":44,"column":163}},{"start":{"line":44,"column":163},"end":{"line":44,"column":184}}],"line":44},"3":{"loc":{"start":{"line":113,"column":22},"end":{"line":115,"column":null}},"type":"cond-expr","locations":[{"start":{"line":114,"column":24},"end":{"line":114,"column":null}},{"start":{"line":115,"column":24},"end":{"line":115,"column":null}}],"line":113},"4":{"loc":{"start":{"line":126,"column":15},"end":{"line":188,"column":null}},"type":"binary-expr","locations":[{"start":{"line":126,"column":15},"end":{"line":126,"column":null}},{"start":{"line":127,"column":16},"end":{"line":188,"column":null}}],"line":126},"5":{"loc":{"start":{"line":139,"column":32},"end":{"line":141,"column":null}},"type":"cond-expr","locations":[{"start":{"line":140,"column":36},"end":{"line":140,"column":null}},{"start":{"line":141,"column":36},"end":{"line":141,"column":null}}],"line":139},"6":{"loc":{"start":{"line":192,"column":15},"end":{"line":207,"column":null}},"type":"binary-expr","locations":[{"start":{"line":192,"column":15},"end":{"line":192,"column":null}},{"start":{"line":193,"column":16},"end":{"line":207,"column":null}}],"line":192},"7":{"loc":{"start":{"line":211,"column":15},"end":{"line":236,"column":null}},"type":"binary-expr","locations":[{"start":{"line":211,"column":15},"end":{"line":211,"column":null}},{"start":{"line":212,"column":16},"end":{"line":236,"column":null}}],"line":211},"8":{"loc":{"start":{"line":245,"column":19},"end":{"line":247,"column":null}},"type":"binary-expr","locations":[{"start":{"line":245,"column":19},"end":{"line":245,"column":null}},{"start":{"line":246,"column":20},"end":{"line":247,"column":null}}],"line":245},"9":{"loc":{"start":{"line":263,"column":164},"end":{"line":263,"column":null}},"type":"cond-expr","locations":[{"start":{"line":263,"column":184},"end":{"line":263,"column":220}},{"start":{"line":263,"column":220},"end":{"line":263,"column":null}}],"line":263},"10":{"loc":{"start":{"line":275,"column":7},"end":{"line":286,"column":null}},"type":"binary-expr","locations":[{"start":{"line":275,"column":7},"end":{"line":275,"column":null}},{"start":{"line":276,"column":8},"end":{"line":286,"column":null}}],"line":275}},"s":{"0":31,"1":1,"2":2,"3":52,"4":20,"5":20,"6":20,"7":20,"8":20,"9":20,"10":5,"11":20,"12":4,"13":4,"14":4,"15":20,"16":1,"17":1,"18":1,"19":1,"20":1,"21":20,"22":1,"23":1,"24":20,"25":20,"26":60,"27":3,"28":24,"29":1,"30":0,"31":72,"32":0,"33":2,"34":1,"35":0,"36":0,"37":0,"38":0,"39":0,"40":0,"41":5},"f":{"0":31,"1":1,"2":52,"3":20,"4":5,"5":4,"6":4,"7":1,"8":1,"9":1,"10":60,"11":3,"12":24,"13":1,"14":0,"15":72,"16":0,"17":2,"18":1,"19":0,"20":0,"21":0,"22":0,"23":0,"24":0,"25":5},"b":{"0":[31,30],"1":[5,26],"2":[5,26],"3":[20,40],"4":[20,12],"5":[12,12],"6":[20,7],"7":[20,1],"8":[20,7],"9":[7,13],"10":[20,1]},"meta":{"lastBranch":11,"lastFunction":26,"lastStatement":42,"seen":{"f:29:9:29:22":0,"s:30:2:45:Infinity":0,"b:34:9:34:24:34:24:34:Infinity":0,"f:41:8:41:23":1,"s:41:23:41:41":1,"b:42:235:42:282:42:282:42:Infinity":1,"b:44:145:44:163:44:163:44:184":2,"s:50:6:53:Infinity":2,"f:50:6:50:23":2,"s:51:2:53:Infinity":3,"f:57:16:57:31":3,"s:58:17:58:54":4,"s:59:20:59:64":5,"s:60:20:60:51":6,"s:61:28:61:67":7,"s:64:19:64:72":8,"s:67:2:69:Infinity":9,"f:67:2:67:18":4,"s:68:4:68:Infinity":10,"s:71:8:73:Infinity":11,"f:71:8:71:55":5,"s:72:4:72:Infinity":12,"f:72:4:72:17":6,"s:72:27:72:54":13,"s:73:4:73:Infinity":14,"s:76:8:80:Infinity":15,"f:76:8:76:27":7,"s:77:4:77:Infinity":16,"s:78:4:78:Infinity":17,"s:79:4:79:Infinity":18,"s:80:4:80:Infinity":19,"f:80:4:80:21":8,"s:80:21:80:40":20,"s:83:8:85:Infinity":21,"f:83:8:83:29":9,"s:84:4:84:Infinity":22,"s:85:4:85:Infinity":23,"s:88:67:92:Infinity":24,"s:94:2:286:Infinity":25,"f:108:22:108:27":10,"s:109:18:119:Infinity":26,"f:111:20:111:35":11,"s:111:35:111:55":27,"b:114:24:114:Infinity:115:24:115:Infinity":3,"b:126:15:126:Infinity:127:16:188:Infinity":4,"f:134:45:134:50":12,"s:135:28:145:Infinity":28,"f:137:30:137:45":13,"s:137:45:137:90":29,"b:140:36:140:In
[...]
t":{"line":367,"column":31},"end":{"line":367,"column":54}},"47":{"start":{"line":385,"column":16},"end":{"line":394,"column":null}},"48":{"start":{"line":387,"column":33},"end":{"line":387,"column":56}},"49":{"start":{"line":410,"column":39},"end":{"line":410,"column":71}},"50":{"start":{"line":411,"column":16},"end":{"line":471,"column":null}},"51":{"start":{"line":454,"column":45},"end":{"line":454,"column":96}},"52":{"start":{"line":462,"column":45},"end":{"line":462,"column":94}},"53":{"start":{"line":491,"column":23},"end":{"line":491,"column":46}}},"fnMap":{"0":{"name":"TaskManagement","decl":{"start":{"line":256,"column":16},"end":{"line":256,"column":33}},"loc":{"start":{"line":256,"column":33},"end":{"line":493,"column":null}},"line":256},"1":{"name":"(anonymous_1)","decl":{"start":{"line":262,"column":22},"end":{"line":262,"column":41}},"loc":{"start":{"line":262,"column":41},"end":{"line":262,"column":59}},"line":262},"2":{"name":"(anonymous_2)","decl":{"start":{"line":265,"column":36},"end":{"line":265,"column":44}},"loc":{"start":{"line":265,"column":53},"end":{"line":271,"column":null}},"line":265},"3":{"name":"(anonymous_3)","decl":{"start":{"line":274,"column":27},"end":{"line":274,"column":34}},"loc":{"start":{"line":274,"column":80},"end":{"line":278,"column":null}},"line":274},"4":{"name":"(anonymous_4)","decl":{"start":{"line":282,"column":27},"end":{"line":282,"column":34}},"loc":{"start":{"line":282,"column":48},"end":{"line":291,"column":null}},"line":282},"5":{"name":"(anonymous_5)","decl":{"start":{"line":296,"column":8},"end":{"line":296,"column":29}},"loc":{"start":{"line":296,"column":60},"end":{"line":301,"column":null}},"line":296},"6":{"name":"(anonymous_6)","decl":{"start":{"line":305,"column":8},"end":{"line":305,"column":26}},"loc":{"start":{"line":305,"column":53},"end":{"line":310,"column":null}},"line":305},"7":{"name":"(anonymous_7)","decl":{"start":{"line":314,"column":8},"end":{"line":314,"column":25}},"loc":{"start":{"line":314,"column":52},"end":{"line":318,"column":null}},"line":314},"8":{"name":"(anonymous_8)","decl":{"start":{"line":322,"column":8},"end":{"line":322,"column":27}},"loc":{"start":{"line":322,"column":54},"end":{"line":327,"column":null}},"line":322},"9":{"name":"(anonymous_9)","decl":{"start":{"line":341,"column":14},"end":{"line":341,"column":29}},"loc":{"start":{"line":341,"column":29},"end":{"line":341,"column":51}},"line":341},"10":{"name":"(anonymous_10)","decl":{"start":{"line":356,"column":16},"end":{"line":356,"column":27}},"loc":{"start":{"line":356,"column":33},"end":{"line":356,"column":63}},"line":356},"11":{"name":"(anonymous_11)","decl":{"start":{"line":364,"column":24},"end":{"line":364,"column":29}},"loc":{"start":{"line":365,"column":14},"end":{"line":377,"column":null}},"line":365},"12":{"name":"(anonymous_12)","decl":{"start":{"line":367,"column":16},"end":{"line":367,"column":31}},"loc":{"start":{"line":367,"column":31},"end":{"line":367,"column":54}},"line":367},"13":{"name":"(anonymous_13)","decl":{"start":{"line":384,"column":26},"end":{"line":384,"column":31}},"loc":{"start":{"line":385,"column":16},"end":{"line":394,"column":null}},"line":385},"14":{"name":"(anonymous_14)","decl":{"start":{"line":387,"column":18},"end":{"line":387,"column":33}},"loc":{"start":{"line":387,"column":33},"end":{"line":387,"column":56}},"line":387},"15":{"name":"(anonymous_15)","decl":{"start":{"line":409,"column":29},"end":{"line":409,"column":34}},"loc":{"start":{"line":409,"column":43},"end":{"line":471,"column":null}},"line":409},"16":{"name":"(anonymous_16)","decl":{"start":{"line":454,"column":30},"end":{"line":454,"column":45}},"loc":{"start":{"line":454,"column":45},"end":{"line":454,"column":96}},"line":454},"17":{"name":"(anonymous_17)","decl":{"start":{"line":462,"column":30},"end":{"line":462,"column":45}},"loc":{"start":{"line":462,"column":45},"end":{"line":462,"column":94}},"line":462},"18":{"name":"(anonymous_18)","decl":{"start":{"line":491,"column":8},"end":{"line":491,"column":23}},"loc":{"start":{"line":491,"column":23},"end":{"line":491,"column":46}},"line":491}},"branchMap":{"0":{"loc":{"start":{"line":262,"column":8},"end":{"line":262,"column":66}},"type":"binary-expr","locations":[{"start":{"line":262,"column":8},"end":{"line":262,"column":60}},{"start":{"line":262,"column":64},"end":{"line":262,"column":66}}],"line":262},"1":{"loc":{"start":{"line":266,"column":24},"end":{"line":266,"column":null}},"type":"binary-expr","locations":[{"start":{"line":266,"column":24},"end":{"line":266,"column":50}},{"start":{"line":266,"column":50},"end":{"line":266,"column":null}}],"line":266},"2":{"loc":{"start":{"line":267,"column":24},"end":{"line":269,"column":68}},"type":"binary-expr","locations":[{"start":{"line":267,"column":24},"end":{"line":267,"column":null}},{"start":{"line":268,"column":6},"end":{"line":268,"column":66}},{"start":{"line":269,"column":6},"end":{"line":269,"column":68}}],"line":267},"3":{"loc":{"start":{"line":270,"column":11},"end":{"line":270,"column":null}},"type":"binary-expr","locations":[{"start":{"line":270,"column":11},"end":{"line":270,"column":26}},{"start":{"line":270,"column":26},"end":{"line":270,"column":null}}],"line":270},"4":{"loc":{"start":{"line":287,"column":14},"end":{"line":287,"column":null}},"type":"binary-expr","locations":[{"start":{"line":287,"column":14},"end":{"line":287,"column":27}},{"start":{"line":287,"column":27},"end":{"line":287,"column":null}}],"line":287},"5":{"loc":{"start":{"line":297,"column":4},"end":{"line":301,"column":null}},"type":"switch","locations":[{"start":{"line":298,"column":6},"end":{"line":298,"column":null}},{"start":{"line":299,"column":6},"end":{"line":299,"column":null}},{"start":{"line":300,"column":6},"end":{"line":300,"column":null}},{"start":{"line":301,"column":6},"end":{"line":301,"column":null}}],"line":297},"6":{"loc":{"start":{"line":306,"column":4},"end":{"line":310,"column":null}},"type":"switch","locations":[{"start":{"line":307,"column":6},"end":{"line":307,"column":null}},{"start":{"line":308,"column":6},"end":{"line":308,"column":null}},{"start":{"line":309,"column":6},"end":{"line":309,"column":null}},{"start":{"line":310,"column":6},"end":{"line":310,"column":null}}],"line":306},"7":{"loc":{"start":{"line":315,"column":4},"end":{"line":318,"column":null}},"type":"switch","locations":[{"start":{"line":316,"column":6},"end":{"line":316,"column":null}},{"start":{"line":317,"column":6},"end":{"line":317,"column":null}},{"start":{"line":318,"column":6},"end":{"line":318,"column":null}}],"line":315},"8":{"loc":{"start":{"line":323,"column":4},"end":{"line":327,"column":null}},"type":"switch","locations":[{"start":{"line":324,"column":6},"end":{"line":324,"column":null}},{"start":{"line":325,"column":6},"end":{"line":325,"column":null}},{"start":{"line":326,"column":6},"end":{"line":326,"column":null}},{"start":{"line":327,"column":6},"end":{"line":327,"column":null}}],"line":323},"9":{"loc":{"start":{"line":368,"column":99},"end":{"line":370,"column":null}},"type":"cond-expr","locations":[{"start":{"line":369,"column":22},"end":{"line":369,"column":null}},{"start":{"line":370,"column":22},"end":{"line":370,"column":null}}],"line":368},"10":{"loc":{"start":{"line":374,"column":17},"end":{"line":375,"column":null}},"type":"binary-expr","locations":[{"start":{"line":374,"column":17},"end":{"line":374,"column":null}},{"start":{"line":375,"column":18},"end":{"line":375,"column":null}}],"line":374},"11":{"loc":{"start":{"line":388,"column":108},"end":{"line":390,"column":null}},"type":"cond-expr","locations":[{"start":{"line":389,"column":24},"end":{"line":389,"column":null}},{"start":{"line":390,"column":24},"end":{"line":390,"column":null}}],"line":388},"12":{"loc":{"start":{"line":407,"column":11},"end":{"line":483,"column":null}},"type":"cond-expr","locations":[{"start":{"line":408,"column":12},"end":{"line":476,"column":13}},{"start":{"line":476,"column":12},"end":{"line":483,"column":null}}],"line":407},"13":{"loc":{"start":{"line":428,"column":31},"end":{"line":431,"column":null}},"type":"binary-expr","locations":[{"start":{"line":428,"column":31},"end":{"line":428,"column":null}},{"start":{"line":429,"column":32},"end":{"line":431,"column":null}}],"line":428},"14":{"loc":{"start":{"line":452,"column":27},"end":{"line":458,"column":null}},"type":"binary-expr","locations":[{"start":{"line":452,"column":27},"end":{"line":452,"column":null}},{"start":{"line":453,"column":28},"end":{"line":458,"column":null}}],"line":452},"15":{"loc":{"start":{"line":454,"column":45},"end":{"line":454,"column":96}},"type":"binary-expr","locations":[{"start":{"line":454,"column":45},"end":{"line":454,"column":56}},{"start":{"line":454,"column":56},"end":{"line":454,"column":96}}],"line":454},"16":{"loc":{"start":{"line":460,"column":27},"end":{"line":466,"column":null}},"type":"binary-expr","locations":[{"start":{"line":460,"column":27},"end":{"line":460,"column":null}},{"start":{"line":461,"column":28},"end":{"line":466,"column":null}}],"line":460},"17":{"loc":{"start":{"line":462,"column":45},"end":{"line":462,"column":94}},"type":"binary-expr","locations":[{"start":{"line":462,"column":45},"end":{"line":462,"column":56}},{"start":{"line":462,"column":56},"end":{"line":462,"column":94}}],"line":462}},"s":{"0":2,"1":9,"2":9,"3":9,"4":9,"5":0,"6":9,"7":36,"8":36,"9":36,"10":9,"11":0,"12":0,"13":0,"14":9,"15":0,"16":0,"17":0,"18":0,"19":9,"20":29,"21":14,"22":8,"23":7,"24":0,"25":9,"26":29,"27":0,"28":8,"29":21,"30":0,"31":9,"32":58,"33":0,"34":16,"35":42,"36":9,"37":29,"38":0,"39":8,"40":21,"41":0,"42":9,"43":1,"44":1,"45":36,"46":1,"47":36,"48":0,"49":29,"50":29,"51":0,"52":0,"53":1},"f":{"0":9,"1":0,"2":36,"3":0,"4":0,"5":29,"6":29,"7":58,"8":29,"9":1,"10":1,"11":36,"12":1,"13":36,"14":0,"15":29,"16":0,"17":0,"18":1},"b":{"0":[9,0],"1":[36,4],"2":[36,4,4],"3":[36,33],"4":[0,0],"5":[14,8,7,0],"6":[0,8,21,0],"7":[0,16,42],"8":[0,8,21,0],"9":[9,27],"10":[36,9],"11":[9,27],"12":[8,1],"13":[29,29],"14":[29,21],"15":[0,0],"16":[29,8],"17":[0,0]},"meta":{"lastBranch":18,"lastFunction":19,"lastStatement":54,"seen":{"s:249:73:254:Infinity":0,"f:256:16:256:33":0,"s:257:24:257:59":1,"s:258:22:258:52":2,"s:259:23:259:68":3,"s:262:8:262:66":4,"b:262:8:262:60:262:64:262:66":0,"f:262:22:262:41":1,"s:262:41:262:59":5,"s:265:24:271:Infinity":6,"f:265:36:265:44":2,"s:266:24:266:Infinity":7,"b:266:24:266:50:266:50:266:Infinity":1,"s:267:24:269:68":8,"b:267:24:267:Infinity:268:6:268:66:269:6:269:68":2,"s:270:4:270:Infinity":9,"b:270:11:270:26:270:26:270:Infinity":3,"s:274:27:278:Infinity":10,"f:274:27:274:34":3,"s:275:4:278:Infinity":11,"s:276:6:276:Infinity":12,"s:278:6:278:Infinity":13,"s:282:27:291:Infinity":14,"f:282:27:282:34":4,"s:283:4:291:Infinity":15,"s:284:6:288:Infinity":16,"b:287:14:287:27:287:27:287:Infinity":4,"s:289:6:289:Infinity":17,"s:291:6:291:Infinity":18,"s:296:8:301:Infinity":19,"f:296:8:296:29":5,"b:298:6:298:Infinity:299:6:299:Infinity:300:6:300:Infinity:301:6:301:Infinity":5,"s:297:4:301:Infinity":20,"s:298:19:298:Infinity":21,"s:299:21:299:Infinity":22,"s:300:18:300:Infinity":23,"s:301:15:301:Infinity":24,"s:305:8:310:Infinity":25,"f:305:8:305:26":6,"b:307:6:307:Infinity:308:6:308:Infinity:309:6:309:Infinity:310:6:310:Infinity":6,"s:306:4:310:Infinity":26,"s:307:24:307:Infinity":27,"s:308:26:308:Infinity":28,"s:309:22:309:Infinity":29,"s:310:15:310:Infinity":30,"s:314:8:318:Infinity":31,"f:314:8:314:25":7,"b:316:6:316:Infinity:317:6:317:Infinity:318:6:318:Infinity":7,"s:315:4:318:Infinity":32,"s:316:24:316:Infinity":33,"s:317:26:317:Infinity":34,"s:318:22:318:Infinity":35,"s:322:8:327:Infinity":36,"f:322:8:322:27":8,"b:324:6:324:Infinity:325:6:325:Infinity:326:6:326:Infinity:327:6:327:Infinity":8,"s:323:4:327:Infinity":37,"s:324:24:324:Infinity":38,"s:325:26:325:Infinity":39,"s:326:22:326:Infinity":40,"s:327:15:327:Infinity":41,"s:331:2:493:Infinity":42,"f:341:14:341:29":9,"s:341:29:341:51":43,"f:356:16:356:27":10,"s:356:33:356:63":44,"f:364:24:364:29":11,"s:365:14:377:Infinity":45,"f:367:16:367:31":12,"s:367:31:367:54":46,"b:369:22:369:Infinity:370:22:370:Infinity":9,"b:374:17:374:Infinity:375:18:375:Infinity":10,"f:384:26:384:31":13,"s:385:16:394:Infinity":47,"f:387:18:387:33":14,"s:387:33:387:56":48,"b:389:24:389:Infinity:390:24:390:Infinity":11,"b:408:12:476:13:476:12:483:Infinity":12,"f:409:29:409:34":15,"s:410:39:410:71":49,"s:411:16:471:Infinity":50,"b:428:31:428:Infinity:429:32:431:Infinity":13,"b:452:27:452:Infinity:453:28:458:Infinity":14,"f:454:30:454:45":16,"s:454:45:454:96":51,"b:454:45:454:56:454:56:454:96":15,"b:460:27:460:Infinity:461:28:466:Infinity":16,"f:462:30:462:45":17,"s:462:45:462:94":52,"b:462:45:462:56:462:56:462:94":17,"f:491:8:491:23":18,"s:491:23:491:46":53}}}
,"/Users/eduardoestrada/Documents/UofMaryland/SWEN661/ProjectFiles/team_2_project/apps/react/src/app/components/utils.ts": {"path":"/Users/eduardoestrada/Documents/UofMaryland/SWEN661/ProjectFiles/team_2_project/apps/react/src/app/components/utils.ts","statementMap":{"0":{"start":{"line":5,"column":2},"end":{"line":5,"column":null}}},"fnMap":{"0":{"name":"cn","decl":{"start":{"line":4,"column":16},"end":{"line":4,"column":19}},"loc":{"start":{"line":4,"column":44},"end":{"line":5,"column":null}},"line":4}},"branchMap":{},"s":{"0":0},"f":{"0":0},"b":{},"meta":{"lastBranch":0,"lastFunction":1,"lastStatement":1,"seen":{"f:4:16:4:19":0,"s:5:2:5:Infinity":0}}}
,"/Users/eduardoestrada/Documents/UofMaryland/SWEN661/ProjectFiles/team_2_project/apps/react/src/app/context/AppContext.tsx": {"path":"/Users/eduardoestrada/Documents/UofMaryland/SWEN661/ProjectFiles/team_2_project/apps/react/src/app/context/AppContext.tsx","statementMap":{"0":{"start":{"line":125,"column":39},"end":{"line":138,"column":null}},"1":{"start":{"line":140,"column":29},"end":{"line":142,"column":null}},"2":{"start":{"line":145,"column":13},"end":{"line":145,"column":68}},"3":{"start":{"line":149,"column":21},"end":{"line":151,"column":null}},"4":{"start":{"line":150,"column":4},"end":{"line":150,"column":null}},"5":{"start":{"line":154,"column":19},"end":{"line":157,"column":null}},"6":{"start":{"line":155,"column":18},"end":{"line":155,"column":54}},"7":{"start":{"line":156,"column":4},"end":{"line":156,"column":null}},"8":{"start":{"line":160,"column":27},"end":{"line":160,"column":89}},"9":{"start":{"line":162,"column":8},"end":{"line":165,"column":8}},"10":{"start":{"line":163,"column":4},"end":{"line":163,"column":null}},"11":{"start":{"line":164,"column":4},"end":{"line":164,"column":null}},"12":{"start":{"line":167,"column":8},"end":{"line":170,"column":8}},"13":{"start":{"line":168,"column":4},"end":{"line":168,"column":null}},"14":{"start":{"line":169,"column":4},"end":{"line":169,"column":null}},"15":{"start":{"line":173,"column":8},"end":{"line":177,"column":8}},"16":{"start":{"line":174,"column":4},"end":{"line":174,"column":null}},"17":{"start":{"line":175,"column":4},"end":{"line":175,"column":null}},"18":{"start":{"line":176,"column":4},"end":{"line":176,"column":null}},"19":{"start":{"line":179,"column":8},"end":{"line":181,"column":8}},"20":{"start":{"line":180,"column":4},"end":{"line":180,"column":null}},"21":{"start":{"line":184,"column":26},"end":{"line":184,"column":null}},"22":{"start":{"line":186,"column":8},"end":{"line":198,"column":100}},"23":{"start":{"line":186,"column":38},"end":{"line":198,"column":6}},"24":{"start":{"line":200,"column":2},"end":{"line":203,"column":null}},"25":{"start":{"line":207,"column":13},"end":{"line":210,"column":null}},"26":{"start":{"line":208,"column":8},"end":{"line":208,"column":40}},"27":{"start":{"line":209,"column":2},"end":{"line":209,"column":null}},"28":{"start":{"line":209,"column":16},"end":{"line":209,"column":null}},"29":{"start":{"line":210,"column":2},"end":{"line":210,"column":null}}},"fnMap":{"0":{"name":"AppProvider","decl":{"start":{"line":147,"column":16},"end":{"line":147,"column":28}},"loc":{"start":{"line":147,"column":73},"end":{"line":203,"column":null}},"line":147},"1":{"name":"(anonymous_1)","decl":{"start":{"line":149,"column":38},"end":{"line":149,"column":53}},"loc":{"start":{"line":149,"column":53},"end":{"line":151,"column":null}},"line":149},"2":{"name":"(anonymous_2)","decl":{"start":{"line":154,"column":34},"end":{"line":154,"column":63}},"loc":{"start":{"line":154,"column":63},"end":{"line":157,"column":null}},"line":154},"3":{"name":"(anonymous_3)","decl":{"start":{"line":162,"column":16},"end":{"line":162,"column":34}},"loc":{"start":{"line":162,"column":34},"end":{"line":165,"column":7}},"line":162},"4":{"name":"(anonymous_4)","decl":{"start":{"line":167,"column":17},"end":{"line":167,"column":35}},"loc":{"start":{"line":167,"column":35},"end":{"line":170,"column":7}},"line":167},"5":{"name":"(anonymous_5)","decl":{"start":{"line":173,"column":28},"end":{"line":173,"column":41}},"loc":{"start":{"line":173,"column":71},"end":{"line":177,"column":7}},"line":173},"6":{"name":"(anonymous_6)","decl":{"start":{"line":179,"column":29},"end":{"line":179,"column":42}},"loc":{"start":{"line":179,"column":73},"end":{"line":181,"column":7}},"line":179},"7":{"name":"(anonymous_7)","decl":{"start":{"line":186,"column":23},"end":{"line":186,"column":38}},"loc":{"start":{"line":186,"column":38},"end":{"line":198,"column":6}},"line":186},"8":{"name":"(anonymous_8)","decl":{"start":{"line":207,"column":13},"end":{"line":207,"column":35}},"loc":{"start":{"line":207,"column":35},"end":{"line":210,"column":null}},"line":207}},"branchMap":{"0":{"loc":{"start":{"line":156,"column":11},"end":{"line":156,"column":null}},"type":"cond-expr","locations":[{"start":{"line":156,"column":19},"end":{"line":156,"column":36}},{"start":{"line":156,"column":39},"end":{"line":156,"column":null}}],"line":156},"1":{"loc":{"start":{"line":184,"column":26},"end":{"line":184,"column":null}},"type":"binary-expr","locations":[{"start":{"line":184,"column":26},"end":{"line":184,"column":47}},{"start":{"line":184,"column":47},"end":{"line":184,"column":null}}],"line":184},"2":{"loc":{"start":{"line":184,"column":47},"end":{"line":184,"column":null}},"type":"cond-expr","locations":[{"start":{"line":184,"column":73},"end":{"line":184,"column":83}},{"start":{"line":184,"column":83},"end":{"line":184,"column":null}}],"line":184},"3":{"loc":{"start":{"line":209,"column":2},"end":{"line":209,"column":null}},"type":"if","locations":[{"start":{"line":209,"column":2},"end":{"line":209,"column":null}},{"start":{},"end":{}}],"line":209}},"s":{"0":1,"1":1,"2":1,"3":7,"4":4,"5":7,"6":4,"7":4,"8":7,"9":7,"10":1,"11":1,"12":7,"13":0,"14":0,"15":7,"16":1,"17":1,"18":1,"19":7,"20":1,"21":7,"22":7,"23":7,"24":7,"25":1,"26":9,"27":9,"28":2,"29":7},"f":{"0":7,"1":4,"2":4,"3":1,"4":0,"5":1,"6":1,"7":7,"8":9},"b":{"0":[0,4],"1":[7,6],"2":[1,5],"3":[2,7]},"meta":{"lastBranch":4,"lastFunction":9,"lastStatement":30,"seen":{"s:125:39:138:Infinity":0,"s:140:29:142:Infinity":1,"s:145:13:145:68":2,"f:147:16:147:28":0,"s:149:21:151:Infinity":3,"f:149:38:149:53":1,"s:150:4:150:Infinity":4,"s:154:19:157:Infinity":5,"f:154:34:154:63":2,"s:155:18:155:54":6,"s:156:4:156:Infinity":7,"b:156:19:156:36:156:39:156:Infinity":0,"s:160:27:160:89":8,"s:162:8:165:8":9,"f:162:16:162:34":3,"s:163:4:163:Infinity":10,"s:164:4:164:Infinity":11,"s:167:8:170:8":12,"f:167:17:167:35":4,"s:168:4:168:Infinity":13,"s:169:4:169:Infinity":14,"s:173:8:177:8":15,"f:173:28:173:41":5,"s:174:4:174:Infinity":16,"s:175:4:175:Infinity":17,"s:176:4:176:Infinity":18,"s:179:8:181:8":19,"f:179:29:179:42":6,"s:180:4:180:Infinity":20,"s:184:26:184:Infinity":21,"b:184:26:184:47:184:47:184:Infinity":1,"b:184:73:184:83:184:83:184:Infinity":2,"s:186:8:198:100":22,"f:186:23:186:38":7,"s:186:38:198:6":23,"s:200:2:203:Infinity":24,"s:207:13:210:Infinity":25,"f:207:13:207:35":8,"s:208:8:208:40":26,"b:209:2:209:Infinity:undefined:undefined:undefined:undefined":3,"s:209:2:209:Infinity":27,"s:209:16:209:Infinity":28,"s:210:2:210:Infinity":29}}}
}
